{"total": {"lines":{"total":1354,"covered":1183,"skipped":0,"pct":87.37},"statements":{"total":1563,"covered":1329,"skipped":0,"pct":85.02},"functions":{"total":251,"covered":217,"skipped":0,"pct":86.45},"branches":{"total":1166,"covered":851,"skipped":0,"pct":72.98},"branchesTrue":{"total":0,"covered":0,"skipped":0,"pct":100}}
,"E:\\Deepseek\\DSH-Context-Pro\\src\\auth.ts": {"lines":{"total":72,"covered":69,"skipped":0,"pct":95.83},"functions":{"total":12,"covered":12,"skipped":0,"pct":100},"statements":{"total":76,"covered":73,"skipped":0,"pct":96.05},"branches":{"total":71,"covered":59,"skipped":0,"pct":83.09}}
,"E:\\Deepseek\\DSH-Context-Pro\\src\\config.ts": {"lines":{"total":2,"covered":2,"skipped":0,"pct":100},"functions":{"total":0,"covered":0,"skipped":0,"pct":100},"statements":{"total":2,"covered":2,"skipped":0,"pct":100},"branches":{"total":0,"covered":0,"skipped":0,"pct":100}}
,"E:\\Deepseek\\DSH-Context-Pro\\src\\index.ts": {"lines":{"total":144,"covered":62,"skipped":0,"pct":43.05},"functions":{"total":35,"covered":13,"skipped":0,"pct":37.14},"statements":{"total":156,"covered":69,"skipped":0,"pct":44.23},"branches":{"total":97,"covered":30,"skipped":0,"pct":30.92}}
,"E:\\Deepseek\\DSH-Context-Pro\\src\\invariant.ts": {"lines":{"total":23,"covered":23,"skipped":0,"pct":100},"functions":{"total":5,"covered":5,"skipped":0,"pct":100},"statements":{"total":28,"covered":28,"skipped":0,"pct":100},"branches":{"total":31,"covered":29,"skipped":0,"pct":93.54}}
,"E:\\Deepseek\\DSH-Context-Pro\\src\\metrics.ts": {"lines":{"total":28,"covered":28,"skipped":0,"pct":100},"functions":{"total":10,"covered":10,"skipped":0,"pct":100},"statements":{"total":31,"covered":30,"skipped":0,"pct":96.77},"branches":{"total":17,"covered":16,"skipped":0,"pct":94.11}}
,"E:\\Deepseek\\DSH-Context-Pro\\src\\openapi.ts": {"lines":{"total":11,"covered":11,"skipped":0,"pct":100},"functions":{"total":4,"covered":4,"skipped":0,"pct":100},"statements":{"total":12,"covered":12,"skipped":0,"pct":100},"branches":{"total":2,"covered":2,"skipped":0,"pct":100}}
,"E:\\Deepseek\\DSH-Context-Pro\\src\\prestep.ts": {"lines":{"total":6,"covered":6,"skipped":0,"pct":100},"functions":{"total":2,"covered":2,"skipped":0,"pct":100},"statements":{"total":6,"covered":6,"skipped":0,"pct":100},"branches":{"total":2,"covered":2,"skipped":0,"pct":100}}
,"E:\\Deepseek\\DSH-Context-Pro\\src\\session-id.ts": {"lines":{"total":21,"covered":21,"skipped":0,"pct":100},"functions":{"total":5,"covered":5,"skipped":0,"pct":100},"statements":{"total":21,"covered":21,"skipped":0,"pct":100},"branches":{"total":11,"covered":11,"skipped":0,"pct":100}}
,"E:\\Deepseek\\DSH-Context-Pro\\src\\skills.ts": {"lines":{"total":14,"covered":14,"skipped":0,"pct":100},"functions":{"total":2,"covered":1,"skipped":0,"pct":50},"statements":{"total":15,"covered":15,"skipped":0,"pct":100},"branches":{"total":4,"covered":4,"skipped":0,"pct":100}}
,"E:\\Deepseek\\DSH-Context-Pro\\src\\chains\\graph.ts": {"lines":{"total":94,"covered":93,"skipped":0,"pct":98.93},"functions":{"total":22,"covered":20,"skipped":0,"pct":90.9},"statements":{"total":115,"covered":110,"skipped":0,"pct":95.65},"branches":{"total":81,"covered":71,"skipped":0,"pct":87.65}}
,"E:\\Deepseek\\DSH-Context-Pro\\src\\chains\\guide.ts": {"lines":{"total":59,"covered":59,"skipped":0,"pct":100},"functions":{"total":21,"covered":21,"skipped":0,"pct":100},"statements":{"total":75,"covered":74,"skipped":0,"pct":98.66},"branches":{"total":42,"covered":40,"skipped":0,"pct":95.23}}
,"E:\\Deepseek\\DSH-Context-Pro\\src\\chains\\hook.ts": {"lines":{"total":113,"covered":93,"skipped":0,"pct":82.3},"functions":{"total":15,"covered":14,"skipped":0,"pct":93.33},"statements":{"total":128,"covered":101,"skipped":0,"pct":78.9},"branches":{"total":105,"covered":60,"skipped":0,"pct":57.14}}
,"E:\\Deepseek\\DSH-Context-Pro\\src\\chains\\index.ts": {"lines":{"total":24,"covered":24,"skipped":0,"pct":100},"functions":{"total":7,"covered":7,"skipped":0,"pct":100},"statements":{"total":28,"covered":28,"skipped":0,"pct":100},"branches":{"total":15,"covered":13,"skipped":0,"pct":86.66}}
,"E:\\Deepseek\\DSH-Context-Pro\\src\\chains\\insight.ts": {"lines":{"total":575,"covered":516,"skipped":0,"pct":89.73},"functions":{"total":93,"covered":85,"skipped":0,"pct":91.39},"statements":{"total":664,"covered":567,"skipped":0,"pct":85.39},"branches":{"total":505,"covered":353,"skipped":0,"pct":69.9}}
,"E:\\Deepseek\\DSH-Context-Pro\\src\\chains\\prompt.ts": {"lines":{"total":4,"covered":4,"skipped":0,"pct":100},"functions":{"total":1,"covered":1,"skipped":0,"pct":100},"statements":{"total":5,"covered":5,"skipped":0,"pct":100},"branches":{"total":3,"covered":3,"skipped":0,"pct":100}}
,"E:\\Deepseek\\DSH-Context-Pro\\src\\chains\\snapshot.ts": {"lines":{"total":162,"covered":156,"skipped":0,"pct":96.29},"functions":{"total":17,"covered":17,"skipped":0,"pct":100},"statements":{"total":199,"covered":186,"skipped":0,"pct":93.46},"branches":{"total":180,"covered":158,"skipped":0,"pct":87.77}}
,"E:\\Deepseek\\DSH-Context-Pro\\src\\chains\\types.ts": {"lines":{"total":2,"covered":2,"skipped":0,"pct":100},"functions":{"total":0,"covered":0,"skipped":0,"pct":100},"statements":{"total":2,"covered":2,"skipped":0,"pct":100},"branches":{"total":0,"covered":0,"skipped":0,"pct":100}}
}
