{"E:\\Deepseek\\DSH-Context-Pro\\src\\auth.ts": {"path":"E:\\Deepseek\\DSH-Context-Pro\\src\\auth.ts","statementMap":{"0":{"start":{"line":49,"column":6},"end":{"line":49,"column":null}},"1":{"start":{"line":58,"column":6},"end":{"line":58,"column":null}},"2":{"start":{"line":55,"column":17},"end":{"line":55,"column":null}},"3":{"start":{"line":56,"column":6},"end":{"line":56,"column":null}},"4":{"start":{"line":60,"column":8},"end":{"line":60,"column":null}},"5":{"start":{"line":65,"column":28},"end":{"line":65,"column":null}},"6":{"start":{"line":66,"column":22},"end":{"line":66,"column":null}},"7":{"start":{"line":67,"column":27},"end":{"line":67,"column":null}},"8":{"start":{"line":68,"column":24},"end":{"line":68,"column":null}},"9":{"start":{"line":70,"column":2},"end":{"line":80,"column":null}},"10":{"start":{"line":71,"column":19},"end":{"line":71,"column":null}},"11":{"start":{"line":72,"column":4},"end":{"line":79,"column":null}},"12":{"start":{"line":73,"column":6},"end":{"line":73,"column":null}},"13":{"start":{"line":76,"column":22},"end":{"line":76,"column":null}},"14":{"start":{"line":77,"column":6},"end":{"line":77,"column":null}},"15":{"start":{"line":78,"column":6},"end":{"line":78,"column":null}},"16":{"start":{"line":83,"column":25},"end":{"line":83,"column":null}},"17":{"start":{"line":84,"column":2},"end":{"line":86,"column":null}},"18":{"start":{"line":85,"column":4},"end":{"line":85,"column":null}},"19":{"start":{"line":87,"column":2},"end":{"line":89,"column":null}},"20":{"start":{"line":88,"column":4},"end":{"line":88,"column":null}},"21":{"start":{"line":92,"column":18},"end":{"line":92,"column":null}},"22":{"start":{"line":95,"column":4},"end":{"line":95,"column":null}},"23":{"start":{"line":99,"column":16},"end":{"line":99,"column":null}},"24":{"start":{"line":100,"column":19},"end":{"line":100,"column":null}},"25":{"start":{"line":101,"column":4},"end":{"line":104,"column":null}},"26":{"start":{"line":102,"column":6},"end":{"line":102,"column":null}},"27":{"start":{"line":103,"column":6},"end":{"line":103,"column":null}},"28":{"start":{"line":105,"column":4},"end":{"line":108,"column":null}},"29":{"start":{"line":106,"column":6},"end":{"line":106,"column":null}},"30":{"start":{"line":107,"column":6},"end":{"line":107,"column":null}},"31":{"start":{"line":109,"column":4},"end":{"line":109,"column":null}},"32":{"start":{"line":114,"column":22},"end":{"line":114,"column":null}},"33":{"start":{"line":115,"column":4},"end":{"line":115,"column":null}},"34":{"start":{"line":115,"column":19},"end":{"line":115,"column":null}},"35":{"start":{"line":117,"column":16},"end":{"line":117,"column":null}},"36":{"start":{"line":118,"column":21},"end":{"line":118,"column":null}},"37":{"start":{"line":119,"column":4},"end":{"line":119,"column":null}},"38":{"start":{"line":119,"column":18},"end":{"line":119,"column":null}},"39":{"start":{"line":120,"column":4},"end":{"line":120,"column":null}},"40":{"start":{"line":124,"column":4},"end":{"line":124,"column":null}},"41":{"start":{"line":124,"column":33},"end":{"line":124,"column":55}},"42":{"start":{"line":128,"column":21},"end":{"line":128,"column":null}},"43":{"start":{"line":130,"column":2},"end":{"line":179,"column":null}},"44":{"start":{"line":135,"column":21},"end":{"line":135,"column":null}},"45":{"start":{"line":138,"column":4},"end":{"line":140,"column":null}},"46":{"start":{"line":139,"column":6},"end":{"line":139,"column":null}},"47":{"start":{"line":143,"column":4},"end":{"line":165,"column":null}},"48":{"start":{"line":144,"column":21},"end":{"line":144,"column":null}},"49":{"start":{"line":145,"column":6},"end":{"line":153,"column":null}},"50":{"start":{"line":146,"column":8},"end":{"line":150,"column":null}},"51":{"start":{"line":148,"column":10},"end":{"line":148,"column":null}},"52":{"start":{"line":149,"column":10},"end":{"line":149,"column":null}},"53":{"start":{"line":151,"column":8},"end":{"line":151,"column":null}},"54":{"start":{"line":152,"column":8},"end":{"line":152,"column":null}},"55":{"start":{"line":154,"column":22},"end":{"line":154,"column":null}},"56":{"start":{"line":155,"column":6},"end":{"line":158,"column":null}},"57":{"start":{"line":156,"column":8},"end":{"line":156,"column":null}},"58":{"start":{"line":157,"column":8},"end":{"line":157,"column":null}},"59":{"start":{"line":159,"column":11},"end":{"line":165,"column":null}},"60":{"start":{"line":161,"column":6},"end":{"line":164,"column":null}},"61":{"start":{"line":162,"column":8},"end":{"line":162,"column":null}},"62":{"start":{"line":163,"column":8},"end":{"line":163,"column":null}},"63":{"start":{"line":168,"column":19},"end":{"line":168,"column":null}},"64":{"start":{"line":169,"column":18},"end":{"line":169,"column":null}},"65":{"start":{"line":170,"column":38},"end":{"line":170,"column":null}},"66":{"start":{"line":171,"column":4},"end":{"line":175,"column":null}},"67":{"start":{"line":172,"column":6},"end":{"line":172,"column":null}},"68":{"start":{"line":173,"column":6},"end":{"line":173,"column":null}},"69":{"start":{"line":174,"column":6},"end":{"line":174,"column":null}},"70":{"start":{"line":178,"column":4},"end":{"line":178,"column":null}},"71":{"start":{"line":183,"column":2},"end":{"line":183,"column":null}},"72":{"start":{"line":184,"column":2},"end":{"line":184,"column":null}},"73":{"start":{"line":192,"column":2},"end":{"line":196,"column":null}},"74":{"start":{"line":195,"column":4},"end":{"line":195,"column":null}},"75":{"start":{"line":195,"column":41},"end":{"line":195,"column":58}}},"fnMap":{"0":{"name":"createAuthMiddleware","decl":{"start":{"line":37,"column":16},"end":{"line":37,"column":null}},"loc":{"start":{"line":40,"column":2},"end":{"line":180,"column":null}},"line":40},"1":{"name":"(anonymous_1)","decl":{"start":{"line":54,"column":4},"end":{"line":54,"column":20}},"loc":{"start":{"line":54,"column":36},"end":{"line":57,"column":null}},"line":54},"2":{"name":"hashKey","decl":{"start":{"line":94,"column":11},"end":{"line":94,"column":19}},"loc":{"start":{"line":94,"column":40},"end":{"line":96,"column":null}},"line":94},"3":{"name":"checkRateLimit","decl":{"start":{"line":98,"column":11},"end":{"line":98,"column":26}},"loc":{"start":{"line":98,"column":84},"end":{"line":110,"column":null}},"line":98},"4":{"name":"extractApiKey","decl":{"start":{"line":112,"column":11},"end":{"line":112,"column":25}},"loc":{"start":{"line":112,"column":62},"end":{"line":121,"column":null}},"line":112},"5":{"name":"skipPath","decl":{"start":{"line":123,"column":11},"end":{"line":123,"column":20}},"loc":{"start":{"line":123,"column":47},"end":{"line":125,"column":null}},"line":123},"6":{"name":"(anonymous_6)","decl":{"start":{"line":124,"column":21},"end":{"line":124,"column":27}},"loc":{"start":{"line":124,"column":33},"end":{"line":124,"column":55}},"line":124},"7":{"name":"authMiddleware","decl":{"start":{"line":130,"column":24},"end":{"line":130,"column":null}},"loc":{"start":{"line":134,"column":19},"end":{"line":179,"column":null}},"line":134},"8":{"name":"writeJson","decl":{"start":{"line":182,"column":9},"end":{"line":182,"column":19}},"loc":{"start":{"line":182,"column":76},"end":{"line":185,"column":null}},"line":182},"9":{"name":"withAuth","decl":{"start":{"line":188,"column":16},"end":{"line":188,"column":null}},"loc":{"start":{"line":191,"column":94},"end":{"line":197,"column":null}},"line":191},"10":{"name":"(anonymous_10)","decl":{"start":{"line":192,"column":9},"end":{"line":192,"column":16}},"loc":{"start":{"line":192,"column":29},"end":{"line":196,"column":null}},"line":192},"11":{"name":"(anonymous_11)","decl":{"start":{"line":195,"column":30},"end":{"line":195,"column":41}},"loc":{"start":{"line":195,"column":41},"end":{"line":195,"column":58}},"line":195}},"branchMap":{"0":{"loc":{"start":{"line":38,"column":2},"end":{"line":38,"column":null}},"type":"default-arg","locations":[{"start":{"line":38,"column":31},"end":{"line":38,"column":null}}],"line":38},"1":{"loc":{"start":{"line":39,"column":2},"end":{"line":39,"column":null}},"type":"default-arg","locations":[{"start":{"line":39,"column":37},"end":{"line":39,"column":null}}],"line":39},"2":{"loc":{"start":{"line":42,"column":4},"end":{"line":42,"column":null}},"type":"default-arg","locations":[{"start":{"line":42,"column":14},"end":{"line":42,"column":null}}],"line":42},"3":{"loc":{"start":{"line":43,"column":4},"end":{"line":43,"column":null}},"type":"default-arg","locations":[{"start":{"line":43,"column":11},"end":{"line":43,"column":null}}],"line":43},"4":{"loc":{"start":{"line":44,"column":4},"end":{"line":44,"column":null}},"type":"default-arg","locations":[{"start":{"line":44,"column":16},"end":{"line":44,"column":null}}],"line":44},"5":{"loc":{"start":{"line":45,"column":4},"end":{"line":45,"column":null}},"type":"default-arg","locations":[{"start":{"line":45,"column":17},"end":{"line":45,"column":null}}],"line":45},"6":{"loc":{"start":{"line":46,"column":4},"end":{"line":46,"column":null}},"type":"default-arg","locations":[{"start":{"line":46,"column":17},"end":{"line":46,"column":null}}],"line":46},"7":{"loc":{"start":{"line":47,"column":4},"end":{"line":47,"column":null}},"type":"default-arg","locations":[{"start":{"line":47,"column":16},"end":{"line":47,"column":null}}],"line":47},"8":{"loc":{"start":{"line":48,"column":4},"end":{"line":48,"column":null}},"type":"default-arg","locations":[{"start":{"line":48,"column":17},"end":{"line":48,"column":null}}],"line":48},"9":{"loc":{"start":{"line":52,"column":4},"end":{"line":52,"column":null}},"type":"default-arg","locations":[{"start":{"line":52,"column":18},"end":{"line":52,"column":null}}],"line":52},"10":{"loc":{"start":{"line":53,"column":4},"end":{"line":53,"column":null}},"type":"default-arg","locations":[{"start":{"line":53,"column":15},"end":{"line":53,"column":null}}],"line":53},"11":{"loc":{"start":{"line":54,"column":4},"end":{"line":57,"column":null}},"type":"default-arg","locations":[{"start":{"line":54,"column":4},"end":{"line":57,"column":null}}],"line":54},"12":{"loc":{"start":{"line":55,"column":17},"end":{"line":55,"column":null}},"type":"binary-expr","locations":[{"start":{"line":55,"column":17},"end":{"line":55,"column":61}},{"start":{"line":55,"column":61},"end":{"line":55,"column":89}},{"start":{"line":55,"column":89},"end":{"line":55,"column":null}}],"line":55},"13":{"loc":{"start":{"line":56,"column":22},"end":{"line":56,"column":null}},"type":"binary-expr","locations":[{"start":{"line":56,"column":22},"end":{"line":56,"column":32}},{"start":{"line":56,"column":32},"end":{"line":56,"column":null}}],"line":56},"14":{"loc":{"start":{"line":65,"column":28},"end":{"line":65,"column":null}},"type":"binary-expr","locations":[{"start":{"line":65,"column":28},"end":{"line":65,"column":42}},{"start":{"line":65,"column":42},"end":{"line":65,"column":null}}],"line":65},"15":{"loc":{"start":{"line":70,"column":2},"end":{"line":80,"column":null}},"type":"if","locations":[{"start":{"line":70,"column":2},"end":{"line":80,"column":null}},{"start":{},"end":{}}],"line":70},"16":{"loc":{"start":{"line":70,"column":6},"end":{"line":70,"column":90}},"type":"binary-expr","locations":[{"start":{"line":70,"column":6},"end":{"line":70,"column":27}},{"start":{"line":70,"column":27},"end":{"line":70,"column":57}},{"start":{"line":70,"column":57},"end":{"line":70,"column":90}}],"line":70},"17":{"loc":{"start":{"line":72,"column":4},"end":{"line":79,"column":null}},"type":"if","locations":[{"start":{"line":72,"column":4},"end":{"line":79,"column":null}},{"start":{"line":74,"column":11},"end":{"line":79,"column":null}}],"line":72},"18":{"loc":{"start":{"line":101,"column":4},"end":{"line":104,"column":null}},"type":"if","locations":[{"start":{"line":101,"column":4},"end":{"line":104,"column":null}},{"start":{},"end":{}}],"line":101},"19":{"loc":{"start":{"line":101,"column":8},"end":{"line":101,"column":41}},"type":"binary-expr","locations":[{"start":{"line":101,"column":8},"end":{"line":101,"column":19}},{"start":{"line":101,"column":19},"end":{"line":101,"column":41}}],"line":101},"20":{"loc":{"start":{"line":105,"column":4},"end":{"line":108,"column":null}},"type":"if","locations":[{"start":{"line":105,"column":4},"end":{"line":108,"column":null}},{"start":{},"end":{}}],"line":105},"21":{"loc":{"start":{"line":115,"column":4},"end":{"line":115,"column":null}},"type":"if","locations":[{"start":{"line":115,"column":4},"end":{"line":115,"column":null}},{"start":{},"end":{}}],"line":115},"22":{"loc":{"start":{"line":115,"column":26},"end":{"line":115,"column":null}},"type":"cond-expr","locations":[{"start":{"line":115,"column":53},"end":{"line":115,"column":68}},{"start":{"line":115,"column":68},"end":{"line":115,"column":null}}],"line":115},"23":{"loc":{"start":{"line":117,"column":24},"end":{"line":117,"column":40}},"type":"binary-expr","locations":[{"start":{"line":117,"column":24},"end":{"line":117,"column":35}},{"start":{"line":117,"column":35},"end":{"line":117,"column":40}}],"line":117},"24":{"loc":{"start":{"line":117,"column":50},"end":{"line":117,"column":83}},"type":"binary-expr","locations":[{"start":{"line":117,"column":50},"end":{"line":117,"column":70}},{"start":{"line":117,"column":70},"end":{"line":117,"column":83}}],"line":117},"25":{"loc":{"start":{"line":119,"column":4},"end":{"line":119,"column":null}},"type":"if","locations":[{"start":{"line":119,"column":4},"end":{"line":119,"column":null}},{"start":{},"end":{}}],"line":119},"26":{"loc":{"start":{"line":135,"column":29},"end":{"line":135,"column":45}},"type":"binary-expr","locations":[{"start":{"line":135,"column":29},"end":{"line":135,"column":40}},{"start":{"line":135,"column":40},"end":{"line":135,"column":45}}],"line":135},"27":{"loc":{"start":{"line":135,"column":55},"end":{"line":135,"column":88}},"type":"binary-expr","locations":[{"start":{"line":135,"column":55},"end":{"line":135,"column":75}},{"start":{"line":135,"column":75},"end":{"line":135,"column":88}}],"line":135},"28":{"loc":{"start":{"line":138,"column":4},"end":{"line":140,"column":null}},"type":"if","locations":[{"start":{"line":138,"column":4},"end":{"line":140,"column":null}},{"start":{},"end":{}}],"line":138},"29":{"loc":{"start":{"line":143,"column":4},"end":{"line":165,"column":null}},"type":"if","locations":[{"start":{"line":143,"column":4},"end":{"line":165,"column":null}},{"start":{"line":159,"column":11},"end":{"line":165,"column":null}}],"line":143},"30":{"loc":{"start":{"line":145,"column":6},"end":{"line":153,"column":null}},"type":"if","locations":[{"start":{"line":145,"column":6},"end":{"line":153,"column":null}},{"start":{},"end":{}}],"line":145},"31":{"loc":{"start":{"line":146,"column":8},"end":{"line":150,"column":null}},"type":"if","locations":[{"start":{"line":146,"column":8},"end":{"line":150,"column":null}},{"start":{},"end":{}}],"line":146},"32":{"loc":{"start":{"line":146,"column":12},"end":{"line":146,"column":55}},"type":"binary-expr","locations":[{"start":{"line":146,"column":12},"end":{"line":146,"column":21}},{"start":{"line":146,"column":21},"end":{"line":146,"column":40}},{"start":{"line":146,"column":40},"end":{"line":146,"column":55}}],"line":146},"33":{"loc":{"start":{"line":151,"column":73},"end":{"line":151,"column":137}},"type":"cond-expr","locations":[{"start":{"line":151,"column":100},"end":{"line":151,"column":127}},{"start":{"line":151,"column":127},"end":{"line":151,"column":137}}],"line":151},"34":{"loc":{"start":{"line":151,"column":73},"end":{"line":151,"column":100}},"type":"binary-expr","locations":[{"start":{"line":151,"column":73},"end":{"line":151,"column":82}},{"start":{"line":151,"column":82},"end":{"line":151,"column":100}}],"line":151},"35":{"loc":{"start":{"line":155,"column":6},"end":{"line":158,"column":null}},"type":"if","locations":[{"start":{"line":155,"column":6},"end":{"line":158,"column":null}},{"start":{},"end":{}}],"line":155},"36":{"loc":{"start":{"line":159,"column":11},"end":{"line":165,"column":null}},"type":"if","locations":[{"start":{"line":159,"column":11},"end":{"line":165,"column":null}},{"start":{},"end":{}}],"line":159},"37":{"loc":{"start":{"line":161,"column":6},"end":{"line":164,"column":null}},"type":"if","locations":[{"start":{"line":161,"column":6},"end":{"line":164,"column":null}},{"start":{},"end":{}}],"line":161},"38":{"loc":{"start":{"line":171,"column":4},"end":{"line":175,"column":null}},"type":"if","locations":[{"start":{"line":171,"column":4},"end":{"line":175,"column":null}},{"start":{},"end":{}}],"line":171},"39":{"loc":{"start":{"line":172,"column":46},"end":{"line":172,"column":67}},"type":"binary-expr","locations":[{"start":{"line":172,"column":46},"end":{"line":172,"column":62}},{"start":{"line":172,"column":62},"end":{"line":172,"column":67}}],"line":172}},"s":{"0":15,"1":15,"2":13,"3":13,"4":15,"5":15,"6":15,"7":15,"8":15,"9":15,"10":3,"11":3,"12":0,"13":3,"14":3,"15":3,"16":15,"17":15,"18":11,"19":15,"20":1,"21":15,"22":18,"23":13,"24":13,"25":13,"26":9,"27":9,"28":4,"29":3,"30":3,"31":1,"32":22,"33":22,"34":9,"35":13,"36":22,"37":22,"38":4,"39":9,"40":17,"41":34,"42":15,"43":15,"44":17,"45":17,"46":1,"47":16,"48":9,"49":9,"50":2,"51":0,"52":0,"53":2,"54":2,"55":7,"56":7,"57":1,"58":1,"59":7,"60":7,"61":3,"62":3,"63":13,"64":13,"65":13,"66":13,"67":1,"68":1,"69":1,"70":12,"71":4,"72":4,"73":11,"74":2,"75":1},"f":{"0":15,"1":13,"2":18,"3":13,"4":22,"5":17,"6":34,"7":17,"8":4,"9":11,"10":2,"11":1},"b":{"0":[15],"1":[15],"2":[15],"3":[15],"4":[15],"5":[15],"6":[15],"7":[15],"8":[15],"9":[15],"10":[15],"11":[13],"12":[13,13,0],"13":[13,7],"14":[15,12],"15":[3,12],"16":[15,12,4],"17":[0,3],"18":[9,4],"19":[13,4],"20":[3,1],"21":[9,13],"22":[0,9],"23":[13,0],"24":[22,0],"25":[4,18],"26":[17,0],"27":[17,0],"28":[1,16],"29":[9,7],"30":[2,7],"31":[0,2],"32":[2,2,0],"33":[0,2],"34":[2,2],"35":[1,6],"36":[7,0],"37":[3,4],"38":[1,12],"39":[1,0]},"meta":{"lastBranch":40,"lastFunction":12,"lastStatement":76,"seen":{"f:37:16:37:Infinity":0,"b:38:31:38:Infinity":0,"b:39:37:39:Infinity":1,"s:49:6:49:Infinity":0,"b:42:14:42:Infinity":2,"b:43:11:43:Infinity":3,"b:44:16:44:Infinity":4,"b:45:17:45:Infinity":5,"b:46:17:46:Infinity":6,"b:47:16:47:Infinity":7,"b:48:17:48:Infinity":8,"s:58:6:58:Infinity":1,"b:52:18:52:Infinity":9,"b:53:15:53:Infinity":10,"b:54:4:57:Infinity":11,"f:54:4:54:20":1,"s:55:17:55:Infinity":2,"b:55:17:55:61:55:61:55:89:55:89:55:Infinity":12,"s:56:6:56:Infinity":3,"b:56:22:56:32:56:32:56:Infinity":13,"s:60:8:60:Infinity":4,"s:65:28:65:Infinity":5,"b:65:28:65:42:65:42:65:Infinity":14,"s:66:22:66:Infinity":6,"s:67:27:67:Infinity":7,"s:68:24:68:Infinity":8,"b:70:2:80:Infinity:undefined:undefined:undefined:undefined":15,"s:70:2:80:Infinity":9,"b:70:6:70:27:70:27:70:57:70:57:70:90":16,"s:71:19:71:Infinity":10,"b:72:4:79:Infinity:74:11:79:Infinity":17,"s:72:4:79:Infinity":11,"s:73:6:73:Infinity":12,"s:76:22:76:Infinity":13,"s:77:6:77:Infinity":14,"s:78:6:78:Infinity":15,"s:83:25:83:Infinity":16,"s:84:2:86:Infinity":17,"s:85:4:85:Infinity":18,"s:87:2:89:Infinity":19,"s:88:4:88:Infinity":20,"s:92:18:92:Infinity":21,"f:94:11:94:19":2,"s:95:4:95:Infinity":22,"f:98:11:98:26":3,"s:99:16:99:Infinity":23,"s:100:19:100:Infinity":24,"b:101:4:104:Infinity:undefined:undefined:undefined:undefined":18,"s:101:4:104:Infinity":25,"b:101:8:101:19:101:19:101:41":19,"s:102:6:102:Infinity":26,"s:103:6:103:Infinity":27,"b:105:4:108:Infinity:undefined:undefined:undefined:undefined":20,"s:105:4:108:Infinity":28,"s:106:6:106:Infinity":29,"s:107:6:107:Infinity":30,"s:109:4:109:Infinity":31,"f:112:11:112:25":4,"s:114:22:114:Infinity":32,"b:115:4:115:Infinity:undefined:undefined:undefined:undefined":21,"s:115:4:115:Infinity":33,"s:115:19:115:Infinity":34,"b:115:53:115:68:115:68:115:Infinity":22,"s:117:16:117:Infinity":35,"b:117:24:117:35:117:35:117:40":23,"b:117:50:117:70:117:70:117:83":24,"s:118:21:118:Infinity":36,"b:119:4:119:Infinity:undefined:undefined:undefined:undefined":25,"s:119:4:119:Infinity":37,"s:119:18:119:Infinity":38,"s:120:4:120:Infinity":39,"f:123:11:123:20":5,"s:124:4:124:Infinity":40,"f:124:21:124:27":6,"s:124:33:124:55":41,"s:128:21:128:Infinity":42,"s:130:2:179:Infinity":43,"f:130:24:130:Infinity":7,"s:135:21:135:Infinity":44,"b:135:29:135:40:135:40:135:45":26,"b:135:55:135:75:135:75:135:88":27,"b:138:4:140:Infinity:undefined:undefined:undefined:undefined":28,"s:138:4:140:Infinity":45,"s:139:6:139:Infinity":46,"b:143:4:165:Infinity:159:11:165:Infinity":29,"s:143:4:165:Infinity":47,"s:144:21:144:Infinity":48,"b:145:6:153:Infinity:undefined:undefined:undefined:undefined":30,"s:145:6:153:Infinity":49,"b:146:8:150:Infinity:undefined:undefined:undefined:undefined":31,"s:146:8:150:Infinity":50,"b:146:12:146:21:146:21:146:40:146:40:146:55":32,"s:148:10:148:Infinity":51,"s:149:10:149:Infinity":52,"s:151:8:151:Infinity":53,"b:151:100:151:127:151:127:151:137":33,"b:151:73:151:82:151:82:151:100":34,"s:152:8:152:Infinity":54,"s:154:22:154:Infinity":55,"b:155:6:158:Infinity:undefined:undefined:undefined:undefined":35,"s:155:6:158:Infinity":56,"s:156:8:156:Infinity":57,"s:157:8:157:Infinity":58,"b:159:11:165:Infinity:undefined:undefined:undefined:undefined":36,"s:159:11:165:Infinity":59,"b:161:6:164:Infinity:undefined:undefined:undefined:undefined":37,"s:161:6:164:Infinity":60,"s:162:8:162:Infinity":61,"s:163:8:163:Infinity":62,"s:168:19:168:Infinity":63,"s:169:18:169:Infinity":64,"s:170:38:170:Infinity":65,"b:171:4:175:Infinity:undefined:undefined:undefined:undefined":38,"s:171:4:175:Infinity":66,"s:172:6:172:Infinity":67,"b:172:46:172:62:172:62:172:67":39,"s:173:6:173:Infinity":68,"s:174:6:174:Infinity":69,"s:178:4:178:Infinity":70,"f:182:9:182:19":8,"s:183:2:183:Infinity":71,"s:184:2:184:Infinity":72,"f:188:16:188:Infinity":9,"s:192:2:196:Infinity":73,"f:192:9:192:16":10,"s:195:4:195:Infinity":74,"f:195:30:195:41":11,"s:195:41:195:58":75},"fnNames":{}}}
,"E:\\Deepseek\\DSH-Context-Pro\\src\\config.ts": {"path":"E:\\Deepseek\\DSH-Context-Pro\\src\\config.ts","statementMap":{"0":{"start":{"line":58,"column":22},"end":{"line":85,"column":null}},"1":{"start":{"line":87,"column":33},"end":{"line":122,"column":null}}},"fnMap":{},"branchMap":{},"s":{"0":1,"1":1},"f":{},"b":{},"meta":{"lastBranch":0,"lastFunction":0,"lastStatement":2,"seen":{"s:58:22:85:Infinity":0,"s:87:33:122:Infinity":1},"fnNames":{}}}
,"E:\\Deepseek\\DSH-Context-Pro\\src\\index.ts": {"path":"E:\\Deepseek\\DSH-Context-Pro\\src\\index.ts","statementMap":{"0":{"start":{"line":25,"column":20},"end":{"line":25,"column":null}},"1":{"start":{"line":27,"column":22},"end":{"line":27,"column":null}},"2":{"start":{"line":29,"column":6},"end":{"line":29,"column":null}},"3":{"start":{"line":32,"column":17},"end":{"line":32,"column":null}},"4":{"start":{"line":33,"column":17},"end":{"line":33,"column":null}},"5":{"start":{"line":34,"column":24},"end":{"line":34,"column":null}},"6":{"start":{"line":35,"column":25},"end":{"line":35,"column":null}},"7":{"start":{"line":37,"column":25},"end":{"line":37,"column":null}},"8":{"start":{"line":39,"column":2},"end":{"line":41,"column":null}},"9":{"start":{"line":44,"column":2},"end":{"line":52,"column":null}},"10":{"start":{"line":45,"column":20},"end":{"line":45,"column":null}},"11":{"start":{"line":46,"column":4},"end":{"line":51,"column":null}},"12":{"start":{"line":47,"column":6},"end":{"line":47,"column":null}},"13":{"start":{"line":47,"column":23},"end":{"line":47,"column":30}},"14":{"start":{"line":48,"column":6},"end":{"line":48,"column":null}},"15":{"start":{"line":50,"column":6},"end":{"line":50,"column":null}},"16":{"start":{"line":55,"column":2},"end":{"line":57,"column":null}},"17":{"start":{"line":56,"column":4},"end":{"line":56,"column":null}},"18":{"start":{"line":56,"column":12},"end":{"line":56,"column":null}},"19":{"start":{"line":61,"column":2},"end":{"line":71,"column":null}},"20":{"start":{"line":62,"column":41},"end":{"line":62,"column":null}},"21":{"start":{"line":63,"column":4},"end":{"line":63,"column":null}},"22":{"start":{"line":64,"column":4},"end":{"line":64,"column":null}},"23":{"start":{"line":66,"column":4},"end":{"line":69,"column":null}},"24":{"start":{"line":70,"column":4},"end":{"line":70,"column":null}},"25":{"start":{"line":74,"column":21},"end":{"line":74,"column":null}},"26":{"start":{"line":77,"column":2},"end":{"line":77,"column":null}},"27":{"start":{"line":86,"column":16},"end":{"line":86,"column":null}},"28":{"start":{"line":89,"column":2},"end":{"line":92,"column":null}},"29":{"start":{"line":90,"column":4},"end":{"line":90,"column":null}},"30":{"start":{"line":91,"column":4},"end":{"line":91,"column":null}},"31":{"start":{"line":94,"column":18},"end":{"line":209,"column":null}},"32":{"start":{"line":163,"column":18},"end":{"line":163,"column":null}},"33":{"start":{"line":164,"column":56},"end":{"line":164,"column":null}},"34":{"start":{"line":165,"column":8},"end":{"line":181,"column":null}},"35":{"start":{"line":166,"column":10},"end":{"line":180,"column":null}},"36":{"start":{"line":170,"column":30},"end":{"line":170,"column":null}},"37":{"start":{"line":171,"column":34},"end":{"line":171,"column":null}},"38":{"start":{"line":172,"column":16},"end":{"line":176,"column":null}},"39":{"start":{"line":182,"column":8},"end":{"line":184,"column":null}},"40":{"start":{"line":183,"column":10},"end":{"line":183,"column":null}},"41":{"start":{"line":185,"column":8},"end":{"line":185,"column":null}},"42":{"start":{"line":189,"column":24},"end":{"line":189,"column":null}},"43":{"start":{"line":191,"column":6},"end":{"line":198,"column":null}},"44":{"start":{"line":192,"column":25},"end":{"line":192,"column":null}},"45":{"start":{"line":193,"column":8},"end":{"line":197,"column":null}},"46":{"start":{"line":194,"column":10},"end":{"line":196,"column":null}},"47":{"start":{"line":199,"column":26},"end":{"line":199,"column":null}},"48":{"start":{"line":200,"column":21},"end":{"line":200,"column":null}},"49":{"start":{"line":201,"column":6},"end":{"line":205,"column":null}},"50":{"start":{"line":202,"column":8},"end":{"line":204,"column":null}},"51":{"start":{"line":203,"column":11},"end":{"line":203,"column":null}},"52":{"start":{"line":206,"column":6},"end":{"line":206,"column":null}},"53":{"start":{"line":207,"column":6},"end":{"line":207,"column":null}},"54":{"start":{"line":211,"column":2},"end":{"line":211,"column":null}},"55":{"start":{"line":211,"column":19},"end":{"line":211,"column":26}},"56":{"start":{"line":220,"column":2},"end":{"line":225,"column":null}},"57":{"start":{"line":221,"column":29},"end":{"line":221,"column":null}},"58":{"start":{"line":222,"column":4},"end":{"line":222,"column":null}},"59":{"start":{"line":222,"column":38},"end":{"line":222,"column":56}},"60":{"start":{"line":223,"column":4},"end":{"line":223,"column":null}},"61":{"start":{"line":223,"column":24},"end":{"line":223,"column":71}},"62":{"start":{"line":224,"column":4},"end":{"line":224,"column":null}},"63":{"start":{"line":224,"column":29},"end":{"line":224,"column":40}},"64":{"start":{"line":234,"column":2},"end":{"line":234,"column":null}},"65":{"start":{"line":235,"column":2},"end":{"line":235,"column":null}},"66":{"start":{"line":245,"column":20},"end":{"line":245,"column":null}},"67":{"start":{"line":248,"column":2},"end":{"line":251,"column":null}},"68":{"start":{"line":249,"column":4},"end":{"line":249,"column":null}},"69":{"start":{"line":250,"column":4},"end":{"line":250,"column":null}},"70":{"start":{"line":254,"column":25},"end":{"line":257,"column":null}},"71":{"start":{"line":258,"column":8},"end":{"line":259,"column":null}},"72":{"start":{"line":259,"column":4},"end":{"line":259,"column":null}},"73":{"start":{"line":262,"column":24},"end":{"line":275,"column":null}},"74":{"start":{"line":266,"column":18},"end":{"line":266,"column":null}},"75":{"start":{"line":267,"column":24},"end":{"line":267,"column":null}},"76":{"start":{"line":268,"column":6},"end":{"line":271,"column":null}},"77":{"start":{"line":269,"column":8},"end":{"line":269,"column":null}},"78":{"start":{"line":270,"column":8},"end":{"line":270,"column":null}},"79":{"start":{"line":272,"column":21},"end":{"line":272,"column":null}},"80":{"start":{"line":273,"column":6},"end":{"line":273,"column":null}},"81":{"start":{"line":276,"column":2},"end":{"line":276,"column":null}},"82":{"start":{"line":276,"column":19},"end":{"line":276,"column":32}},"83":{"start":{"line":279,"column":23},"end":{"line":285,"column":null}},"84":{"start":{"line":283,"column":6},"end":{"line":283,"column":null}},"85":{"start":{"line":286,"column":2},"end":{"line":286,"column":null}},"86":{"start":{"line":286,"column":19},"end":{"line":286,"column":31}},"87":{"start":{"line":289,"column":28},"end":{"line":313,"column":null}},"88":{"start":{"line":293,"column":6},"end":{"line":296,"column":null}},"89":{"start":{"line":294,"column":8},"end":{"line":294,"column":null}},"90":{"start":{"line":295,"column":8},"end":{"line":295,"column":null}},"91":{"start":{"line":297,"column":6},"end":{"line":311,"column":null}},"92":{"start":{"line":298,"column":21},"end":{"line":298,"column":null}},"93":{"start":{"line":299,"column":23},"end":{"line":299,"column":null}},"94":{"start":{"line":300,"column":26},"end":{"line":300,"column":null}},"95":{"start":{"line":301,"column":8},"end":{"line":304,"column":null}},"96":{"start":{"line":302,"column":10},"end":{"line":302,"column":null}},"97":{"start":{"line":303,"column":10},"end":{"line":303,"column":null}},"98":{"start":{"line":305,"column":8},"end":{"line":305,"column":null}},"99":{"start":{"line":306,"column":8},"end":{"line":306,"column":null}},"100":{"start":{"line":307,"column":8},"end":{"line":307,"column":null}},"101":{"start":{"line":309,"column":8},"end":{"line":309,"column":null}},"102":{"start":{"line":310,"column":8},"end":{"line":310,"column":null}},"103":{"start":{"line":314,"column":2},"end":{"line":314,"column":null}},"104":{"start":{"line":314,"column":19},"end":{"line":314,"column":36}},"105":{"start":{"line":316,"column":2},"end":{"line":316,"column":null}},"106":{"start":{"line":320,"column":24},"end":{"line":360,"column":null}},"107":{"start":{"line":324,"column":18},"end":{"line":324,"column":null}},"108":{"start":{"line":325,"column":28},"end":{"line":325,"column":null}},"109":{"start":{"line":326,"column":6},"end":{"line":330,"column":null}},"110":{"start":{"line":327,"column":8},"end":{"line":327,"column":null}},"111":{"start":{"line":328,"column":8},"end":{"line":328,"column":null}},"112":{"start":{"line":329,"column":8},"end":{"line":329,"column":null}},"113":{"start":{"line":333,"column":6},"end":{"line":338,"column":null}},"114":{"start":{"line":339,"column":6},"end":{"line":339,"column":null}},"115":{"start":{"line":341,"column":12},"end":{"line":343,"column":null}},"116":{"start":{"line":342,"column":8},"end":{"line":342,"column":null}},"117":{"start":{"line":346,"column":6},"end":{"line":346,"column":null}},"118":{"start":{"line":349,"column":26},"end":{"line":353,"column":null}},"119":{"start":{"line":350,"column":8},"end":{"line":352,"column":null}},"120":{"start":{"line":351,"column":10},"end":{"line":351,"column":null}},"121":{"start":{"line":356,"column":6},"end":{"line":358,"column":null}},"122":{"start":{"line":357,"column":8},"end":{"line":357,"column":null}},"123":{"start":{"line":361,"column":2},"end":{"line":361,"column":null}},"124":{"start":{"line":361,"column":19},"end":{"line":361,"column":32}},"125":{"start":{"line":365,"column":23},"end":{"line":410,"column":null}},"126":{"start":{"line":369,"column":6},"end":{"line":372,"column":null}},"127":{"start":{"line":370,"column":8},"end":{"line":370,"column":null}},"128":{"start":{"line":371,"column":8},"end":{"line":371,"column":null}},"129":{"start":{"line":373,"column":6},"end":{"line":408,"column":null}},"130":{"start":{"line":374,"column":21},"end":{"line":374,"column":null}},"131":{"start":{"line":375,"column":23},"end":{"line":375,"column":null}},"132":{"start":{"line":376,"column":27},"end":{"line":376,"column":null}},"133":{"start":{"line":377,"column":8},"end":{"line":380,"column":null}},"134":{"start":{"line":378,"column":10},"end":{"line":378,"column":null}},"135":{"start":{"line":379,"column":10},"end":{"line":379,"column":null}},"136":{"start":{"line":382,"column":28},"end":{"line":382,"column":null}},"137":{"start":{"line":383,"column":30},"end":{"line":383,"column":null}},"138":{"start":{"line":384,"column":30},"end":{"line":387,"column":null}},"139":{"start":{"line":386,"column":22},"end":{"line":386,"column":30}},"140":{"start":{"line":387,"column":25},"end":{"line":387,"column":45}},"141":{"start":{"line":388,"column":27},"end":{"line":388,"column":null}},"142":{"start":{"line":390,"column":25},"end":{"line":392,"column":null}},"143":{"start":{"line":391,"column":32},"end":{"line":391,"column":null}},"144":{"start":{"line":393,"column":24},"end":{"line":403,"column":null}},"145":{"start":{"line":394,"column":25},"end":{"line":394,"column":null}},"146":{"start":{"line":395,"column":23},"end":{"line":401,"column":null}},"147":{"start":{"line":402,"column":10},"end":{"line":402,"column":null}},"148":{"start":{"line":402,"column":93},"end":{"line":402,"column":118}},"149":{"start":{"line":404,"column":8},"end":{"line":404,"column":null}},"150":{"start":{"line":406,"column":8},"end":{"line":406,"column":null}},"151":{"start":{"line":407,"column":8},"end":{"line":407,"column":null}},"152":{"start":{"line":411,"column":2},"end":{"line":411,"column":null}},"153":{"start":{"line":411,"column":19},"end":{"line":411,"column":31}},"154":{"start":{"line":413,"column":2},"end":{"line":413,"column":null}},"155":{"start":{"line":416,"column":2},"end":{"line":416,"column":null}}},"fnMap":{"0":{"name":"apply","decl":{"start":{"line":31,"column":16},"end":{"line":31,"column":22}},"loc":{"start":{"line":31,"column":97},"end":{"line":78,"column":null}},"line":31},"1":{"name":"(anonymous_1)","decl":{"start":{"line":47,"column":10},"end":{"line":47,"column":23}},"loc":{"start":{"line":47,"column":23},"end":{"line":47,"column":30}},"line":47},"2":{"name":"(anonymous_2)","decl":{"start":{"line":55,"column":37},"end":{"line":55,"column":43}},"loc":{"start":{"line":55,"column":50},"end":{"line":57,"column":3}},"line":55},"3":{"name":"registerInsightTool","decl":{"start":{"line":85,"column":9},"end":{"line":85,"column":29}},"loc":{"start":{"line":85,"column":72},"end":{"line":212,"column":null}},"line":85},"4":{"name":"(anonymous_4)","decl":{"start":{"line":162,"column":6},"end":{"line":162,"column":15}},"loc":{"start":{"line":162,"column":50},"end":{"line":186,"column":null}},"line":162},"5":{"name":"(anonymous_5)","decl":{"start":{"line":169,"column":15},"end":{"line":169,"column":20}},"loc":{"start":{"line":169,"column":26},"end":{"line":178,"column":15}},"line":169},"6":{"name":"execute","decl":{"start":{"line":188,"column":10},"end":{"line":188,"column":18}},"loc":{"start":{"line":188,"column":84},"end":{"line":208,"column":null}},"line":188},"7":{"name":"(anonymous_7)","decl":{"start":{"line":202,"column":28},"end":{"line":202,"column":null}},"loc":{"start":{"line":203,"column":11},"end":{"line":203,"column":null}},"line":203},"8":{"name":"(anonymous_8)","decl":{"start":{"line":211,"column":6},"end":{"line":211,"column":19}},"loc":{"start":{"line":211,"column":19},"end":{"line":211,"column":26}},"line":211},"9":{"name":"readBody","decl":{"start":{"line":219,"column":9},"end":{"line":219,"column":18}},"loc":{"start":{"line":219,"column":72},"end":{"line":226,"column":null}},"line":219},"10":{"name":"(anonymous_10)","decl":{"start":{"line":220,"column":13},"end":{"line":220,"column":22}},"loc":{"start":{"line":220,"column":42},"end":{"line":225,"column":3}},"line":220},"11":{"name":"(anonymous_11)","decl":{"start":{"line":222,"column":11},"end":{"line":222,"column":20}},"loc":{"start":{"line":222,"column":38},"end":{"line":222,"column":56}},"line":222},"12":{"name":"(anonymous_12)","decl":{"start":{"line":223,"column":11},"end":{"line":223,"column":24}},"loc":{"start":{"line":223,"column":24},"end":{"line":223,"column":71}},"line":223},"13":{"name":"(anonymous_13)","decl":{"start":{"line":224,"column":11},"end":{"line":224,"column":21}},"loc":{"start":{"line":224,"column":29},"end":{"line":224,"column":40}},"line":224},"14":{"name":"jsonResponse","decl":{"start":{"line":229,"column":9},"end":{"line":229,"column":null}},"loc":{"start":{"line":233,"column":8},"end":{"line":236,"column":null}},"line":233},"15":{"name":"registerInsightHTTP","decl":{"start":{"line":239,"column":9},"end":{"line":239,"column":null}},"loc":{"start":{"line":244,"column":8},"end":{"line":417,"column":null}},"line":244},"16":{"name":"(anonymous_16)","decl":{"start":{"line":258,"column":8},"end":{"line":258,"column":16}},"loc":{"start":{"line":259,"column":4},"end":{"line":259,"column":null}},"line":259},"17":{"name":"(anonymous_17)","decl":{"start":{"line":265,"column":13},"end":{"line":265,"column":19}},"loc":{"start":{"line":265,"column":32},"end":{"line":274,"column":5}},"line":265},"18":{"name":"(anonymous_18)","decl":{"start":{"line":276,"column":6},"end":{"line":276,"column":19}},"loc":{"start":{"line":276,"column":19},"end":{"line":276,"column":32}},"line":276},"19":{"name":"(anonymous_19)","decl":{"start":{"line":282,"column":13},"end":{"line":282,"column":19}},"loc":{"start":{"line":282,"column":33},"end":{"line":284,"column":5}},"line":282},"20":{"name":"(anonymous_20)","decl":{"start":{"line":286,"column":6},"end":{"line":286,"column":19}},"loc":{"start":{"line":286,"column":19},"end":{"line":286,"column":31}},"line":286},"21":{"name":"(anonymous_21)","decl":{"start":{"line":292,"column":18},"end":{"line":292,"column":25}},"loc":{"start":{"line":292,"column":38},"end":{"line":312,"column":5}},"line":292},"22":{"name":"(anonymous_22)","decl":{"start":{"line":314,"column":6},"end":{"line":314,"column":19}},"loc":{"start":{"line":314,"column":19},"end":{"line":314,"column":36}},"line":314},"23":{"name":"handler","decl":{"start":{"line":323,"column":4},"end":{"line":323,"column":12}},"loc":{"start":{"line":323,"column":22},"end":{"line":359,"column":null}},"line":323},"24":{"name":"(anonymous_24)","decl":{"start":{"line":341,"column":12},"end":{"line":341,"column":20}},"loc":{"start":{"line":341,"column":38},"end":{"line":343,"column":null}},"line":341},"25":{"name":"(anonymous_25)","decl":{"start":{"line":349,"column":36},"end":{"line":349,"column":55}},"loc":{"start":{"line":349,"column":81},"end":{"line":353,"column":7}},"line":349},"26":{"name":"(anonymous_26)","decl":{"start":{"line":356,"column":13},"end":{"line":356,"column":28}},"loc":{"start":{"line":356,"column":28},"end":{"line":358,"column":7}},"line":356},"27":{"name":"(anonymous_27)","decl":{"start":{"line":361,"column":6},"end":{"line":361,"column":19}},"loc":{"start":{"line":361,"column":19},"end":{"line":361,"column":32}},"line":361},"28":{"name":"handler_2","decl":{"start":{"line":368,"column":10},"end":{"line":368,"column":18}},"loc":{"start":{"line":368,"column":28},"end":{"line":409,"column":null}},"line":368},"29":{"name":"(anonymous_29)","decl":{"start":{"line":386,"column":11},"end":{"line":386,"column":16}},"loc":{"start":{"line":386,"column":22},"end":{"line":386,"column":30}},"line":386},"30":{"name":"(anonymous_30)","decl":{"start":{"line":387,"column":11},"end":{"line":387,"column":19}},"loc":{"start":{"line":387,"column":25},"end":{"line":387,"column":45}},"line":387},"31":{"name":"(anonymous_31)","decl":{"start":{"line":390,"column":36},"end":{"line":390,"column":null}},"loc":{"start":{"line":391,"column":32},"end":{"line":391,"column":null}},"line":391},"32":{"name":"(anonymous_32)","decl":{"start":{"line":393,"column":33},"end":{"line":393,"column":38}},"loc":{"start":{"line":393,"column":45},"end":{"line":403,"column":9}},"line":393},"33":{"name":"(anonymous_33)","decl":{"start":{"line":402,"column":77},"end":{"line":402,"column":85}},"loc":{"start":{"line":402,"column":93},"end":{"line":402,"column":118}},"line":402},"34":{"name":"(anonymous_34)","decl":{"start":{"line":411,"column":6},"end":{"line":411,"column":19}},"loc":{"start":{"line":411,"column":19},"end":{"line":411,"column":31}},"line":411}},"branchMap":{"0":{"loc":{"start":{"line":31,"column":36},"end":{"line":31,"column":97}},"type":"default-arg","locations":[{"start":{"line":31,"column":59},"end":{"line":31,"column":97}}],"line":31},"1":{"loc":{"start":{"line":34,"column":24},"end":{"line":34,"column":null}},"type":"binary-expr","locations":[{"start":{"line":34,"column":24},"end":{"line":34,"column":43}},{"start":{"line":34,"column":43},"end":{"line":34,"column":null}}],"line":34},"2":{"loc":{"start":{"line":35,"column":25},"end":{"line":35,"column":null}},"type":"binary-expr","locations":[{"start":{"line":35,"column":25},"end":{"line":35,"column":51}},{"start":{"line":35,"column":51},"end":{"line":35,"column":null}}],"line":35},"3":{"loc":{"start":{"line":37,"column":25},"end":{"line":37,"column":null}},"type":"binary-expr","locations":[{"start":{"line":37,"column":25},"end":{"line":37,"column":43}},{"start":{"line":37,"column":43},"end":{"line":37,"column":71}},{"start":{"line":37,"column":71},"end":{"line":37,"column":null}}],"line":37},"4":{"loc":{"start":{"line":44,"column":2},"end":{"line":52,"column":null}},"type":"if","locations":[{"start":{"line":44,"column":2},"end":{"line":52,"column":null}},{"start":{},"end":{}}],"line":44},"5":{"loc":{"start":{"line":44,"column":6},"end":{"line":44,"column":39}},"type":"binary-expr","locations":[{"start":{"line":44,"column":6},"end":{"line":44,"column":23}},{"start":{"line":44,"column":23},"end":{"line":44,"column":39}}],"line":44},"6":{"loc":{"start":{"line":46,"column":4},"end":{"line":51,"column":null}},"type":"if","locations":[{"start":{"line":46,"column":4},"end":{"line":51,"column":null}},{"start":{"line":49,"column":11},"end":{"line":51,"column":null}}],"line":46},"7":{"loc":{"start":{"line":56,"column":4},"end":{"line":56,"column":null}},"type":"if","locations":[{"start":{"line":56,"column":4},"end":{"line":56,"column":null}},{"start":{},"end":{}}],"line":56},"8":{"loc":{"start":{"line":61,"column":2},"end":{"line":71,"column":null}},"type":"if","locations":[{"start":{"line":61,"column":2},"end":{"line":71,"column":null}},{"start":{},"end":{}}],"line":61},"9":{"loc":{"start":{"line":62,"column":41},"end":{"line":62,"column":null}},"type":"binary-expr","locations":[{"start":{"line":62,"column":41},"end":{"line":62,"column":60}},{"start":{"line":62,"column":60},"end":{"line":62,"column":null}}],"line":62},"10":{"loc":{"start":{"line":89,"column":2},"end":{"line":92,"column":null}},"type":"if","locations":[{"start":{"line":89,"column":2},"end":{"line":92,"column":null}},{"start":{},"end":{}}],"line":89},"11":{"loc":{"start":{"line":165,"column":8},"end":{"line":181,"column":null}},"type":"if","locations":[{"start":{"line":165,"column":8},"end":{"line":181,"column":null}},{"start":{},"end":{}}],"line":165},"12":{"loc":{"start":{"line":165,"column":12},"end":{"line":165,"column":49}},"type":"binary-expr","locations":[{"start":{"line":165,"column":12},"end":{"line":165,"column":26}},{"start":{"line":165,"column":26},"end":{"line":165,"column":49}}],"line":165},"13":{"loc":{"start":{"line":173,"column":61},"end":{"line":173,"column":null}},"type":"cond-expr","locations":[{"start":{"line":173,"column":74},"end":{"line":173,"column":97}},{"start":{"line":173,"column":97},"end":{"line":173,"column":null}}],"line":173},"14":{"loc":{"start":{"line":174,"column":19},"end":{"line":176,"column":null}},"type":"cond-expr","locations":[{"start":{"line":175,"column":22},"end":{"line":175,"column":null}},{"start":{"line":176,"column":22},"end":{"line":176,"column":null}}],"line":174},"15":{"loc":{"start":{"line":175,"column":34},"end":{"line":175,"column":50}},"type":"binary-expr","locations":[{"start":{"line":175,"column":34},"end":{"line":175,"column":47}},{"start":{"line":175,"column":47},"end":{"line":175,"column":50}}],"line":175},"16":{"loc":{"start":{"line":182,"column":8},"end":{"line":184,"column":null}},"type":"if","locations":[{"start":{"line":182,"column":8},"end":{"line":184,"column":null}},{"start":{},"end":{}}],"line":182},"17":{"loc":{"start":{"line":191,"column":6},"end":{"line":198,"column":null}},"type":"if","locations":[{"start":{"line":191,"column":6},"end":{"line":198,"column":null}},{"start":{},"end":{}}],"line":191},"18":{"loc":{"start":{"line":191,"column":10},"end":{"line":191,"column":47}},"type":"binary-expr","locations":[{"start":{"line":191,"column":10},"end":{"line":191,"column":22}},{"start":{"line":191,"column":22},"end":{"line":191,"column":47}}],"line":191},"19":{"loc":{"start":{"line":193,"column":8},"end":{"line":197,"column":null}},"type":"if","locations":[{"start":{"line":193,"column":8},"end":{"line":197,"column":null}},{"start":{},"end":{}}],"line":193},"20":{"loc":{"start":{"line":199,"column":26},"end":{"line":199,"column":null}},"type":"binary-expr","locations":[{"start":{"line":199,"column":26},"end":{"line":199,"column":39}},{"start":{"line":199,"column":39},"end":{"line":199,"column":null}}],"line":199},"21":{"loc":{"start":{"line":201,"column":6},"end":{"line":205,"column":null}},"type":"if","locations":[{"start":{"line":201,"column":6},"end":{"line":205,"column":null}},{"start":{},"end":{}}],"line":201},"22":{"loc":{"start":{"line":203,"column":18},"end":{"line":203,"column":65}},"type":"binary-expr","locations":[{"start":{"line":203,"column":18},"end":{"line":203,"column":59}},{"start":{"line":203,"column":59},"end":{"line":203,"column":65}}],"line":203},"23":{"loc":{"start":{"line":243,"column":2},"end":{"line":243,"column":null}},"type":"default-arg","locations":[{"start":{"line":243,"column":212},"end":{"line":243,"column":null}}],"line":243},"24":{"loc":{"start":{"line":248,"column":2},"end":{"line":251,"column":null}},"type":"if","locations":[{"start":{"line":248,"column":2},"end":{"line":251,"column":null}},{"start":{},"end":{}}],"line":248},"25":{"loc":{"start":{"line":266,"column":26},"end":{"line":266,"column":42}},"type":"binary-expr","locations":[{"start":{"line":266,"column":26},"end":{"line":266,"column":37}},{"start":{"line":266,"column":37},"end":{"line":266,"column":42}}],"line":266},"26":{"loc":{"start":{"line":266,"column":52},"end":{"line":266,"column":85}},"type":"binary-expr","locations":[{"start":{"line":266,"column":52},"end":{"line":266,"column":72}},{"start":{"line":266,"column":72},"end":{"line":266,"column":85}}],"line":266},"27":{"loc":{"start":{"line":267,"column":24},"end":{"line":267,"column":null}},"type":"binary-expr","locations":[{"start":{"line":267,"column":24},"end":{"line":267,"column":61}},{"start":{"line":267,"column":61},"end":{"line":267,"column":null}}],"line":267},"28":{"loc":{"start":{"line":268,"column":6},"end":{"line":271,"column":null}},"type":"if","locations":[{"start":{"line":268,"column":6},"end":{"line":271,"column":null}},{"start":{},"end":{}}],"line":268},"29":{"loc":{"start":{"line":268,"column":10},"end":{"line":268,"column":85}},"type":"binary-expr","locations":[{"start":{"line":268,"column":10},"end":{"line":268,"column":24}},{"start":{"line":268,"column":24},"end":{"line":268,"column":48}},{"start":{"line":268,"column":48},"end":{"line":268,"column":85}}],"line":268},"30":{"loc":{"start":{"line":293,"column":6},"end":{"line":296,"column":null}},"type":"if","locations":[{"start":{"line":293,"column":6},"end":{"line":296,"column":null}},{"start":{},"end":{}}],"line":293},"31":{"loc":{"start":{"line":300,"column":26},"end":{"line":300,"column":null}},"type":"cond-expr","locations":[{"start":{"line":300,"column":65},"end":{"line":300,"column":84}},{"start":{"line":300,"column":84},"end":{"line":300,"column":null}}],"line":300},"32":{"loc":{"start":{"line":301,"column":8},"end":{"line":304,"column":null}},"type":"if","locations":[{"start":{"line":301,"column":8},"end":{"line":304,"column":null}},{"start":{},"end":{}}],"line":301},"33":{"loc":{"start":{"line":301,"column":12},"end":{"line":301,"column":87}},"type":"binary-expr","locations":[{"start":{"line":301,"column":12},"end":{"line":301,"column":26}},{"start":{"line":301,"column":26},"end":{"line":301,"column":50}},{"start":{"line":301,"column":50},"end":{"line":301,"column":87}}],"line":301},"34":{"loc":{"start":{"line":324,"column":26},"end":{"line":324,"column":42}},"type":"binary-expr","locations":[{"start":{"line":324,"column":26},"end":{"line":324,"column":37}},{"start":{"line":324,"column":37},"end":{"line":324,"column":42}}],"line":324},"35":{"loc":{"start":{"line":324,"column":52},"end":{"line":324,"column":85}},"type":"binary-expr","locations":[{"start":{"line":324,"column":52},"end":{"line":324,"column":72}},{"start":{"line":324,"column":72},"end":{"line":324,"column":85}}],"line":324},"36":{"loc":{"start":{"line":325,"column":47},"end":{"line":325,"column":86}},"type":"binary-expr","locations":[{"start":{"line":325,"column":47},"end":{"line":325,"column":84}},{"start":{"line":325,"column":84},"end":{"line":325,"column":86}}],"line":325},"37":{"loc":{"start":{"line":326,"column":6},"end":{"line":330,"column":null}},"type":"if","locations":[{"start":{"line":326,"column":6},"end":{"line":330,"column":null}},{"start":{},"end":{}}],"line":326},"38":{"loc":{"start":{"line":326,"column":10},"end":{"line":326,"column":94}},"type":"binary-expr","locations":[{"start":{"line":326,"column":10},"end":{"line":326,"column":28}},{"start":{"line":326,"column":28},"end":{"line":326,"column":56}},{"start":{"line":326,"column":56},"end":{"line":326,"column":94}}],"line":326},"39":{"loc":{"start":{"line":350,"column":8},"end":{"line":352,"column":null}},"type":"if","locations":[{"start":{"line":350,"column":8},"end":{"line":352,"column":null}},{"start":{},"end":{}}],"line":350},"40":{"loc":{"start":{"line":369,"column":6},"end":{"line":372,"column":null}},"type":"if","locations":[{"start":{"line":369,"column":6},"end":{"line":372,"column":null}},{"start":{},"end":{}}],"line":369},"41":{"loc":{"start":{"line":376,"column":27},"end":{"line":376,"column":null}},"type":"cond-expr","locations":[{"start":{"line":376,"column":62},"end":{"line":376,"column":82}},{"start":{"line":376,"column":82},"end":{"line":376,"column":null}}],"line":376},"42":{"loc":{"start":{"line":377,"column":8},"end":{"line":380,"column":null}},"type":"if","locations":[{"start":{"line":377,"column":8},"end":{"line":380,"column":null}},{"start":{},"end":{}}],"line":377},"43":{"loc":{"start":{"line":377,"column":12},"end":{"line":377,"column":63}},"type":"binary-expr","locations":[{"start":{"line":377,"column":12},"end":{"line":377,"column":39}},{"start":{"line":377,"column":39},"end":{"line":377,"column":63}}],"line":377},"44":{"loc":{"start":{"line":382,"column":28},"end":{"line":382,"column":null}},"type":"cond-expr","locations":[{"start":{"line":382,"column":64},"end":{"line":382,"column":80}},{"start":{"line":382,"column":80},"end":{"line":382,"column":null}}],"line":382},"45":{"loc":{"start":{"line":391,"column":32},"end":{"line":391,"column":null}},"type":"binary-expr","locations":[{"start":{"line":391,"column":32},"end":{"line":391,"column":58}},{"start":{"line":391,"column":58},"end":{"line":391,"column":76}},{"start":{"line":391,"column":76},"end":{"line":391,"column":null}}],"line":391},"46":{"loc":{"start":{"line":402,"column":17},"end":{"line":402,"column":null}},"type":"cond-expr","locations":[{"start":{"line":402,"column":30},"end":{"line":402,"column":37}},{"start":{"line":402,"column":37},"end":{"line":402,"column":null}}],"line":402}},"s":{"0":1,"1":1,"2":1,"3":12,"4":12,"5":12,"6":12,"7":12,"8":12,"9":12,"10":2,"11":2,"12":1,"13":1,"14":1,"15":1,"16":12,"17":12,"18":0,"19":12,"20":6,"21":6,"22":6,"23":6,"24":6,"25":12,"26":12,"27":6,"28":6,"29":3,"30":3,"31":3,"32":0,"33":0,"34":0,"35":0,"36":0,"37":0,"38":0,"39":0,"40":0,"41":0,"42":2,"43":2,"44":2,"45":2,"46":2,"47":2,"48":2,"49":2,"50":1,"51":0,"52":2,"53":2,"54":3,"55":3,"56":0,"57":0,"58":0,"59":0,"60":0,"61":0,"62":0,"63":0,"64":0,"65":0,"66":6,"67":6,"68":3,"69":3,"70":3,"71":3,"72":9,"73":3,"74":0,"75":0,"76":0,"77":0,"78":0,"79":0,"80":0,"81":3,"82":3,"83":3,"84":0,"85":3,"86":3,"87":3,"88":0,"89":0,"90":0,"91":0,"92":0,"93":0,"94":0,"95":0,"96":0,"97":0,"98":0,"99":0,"100":0,"101":0,"102":0,"103":3,"104":3,"105":3,"106":3,"107":0,"108":0,"109":0,"110":0,"111":0,"112":0,"113":0,"114":0,"115":0,"116":0,"117":0,"118":0,"119":0,"120":0,"121":0,"122":0,"123":3,"124":3,"125":3,"126":0,"127":0,"128":0,"129":0,"130":0,"131":0,"132":0,"133":0,"134":0,"135":0,"136":0,"137":0,"138":0,"139":0,"140":0,"141":0,"142":0,"143":0,"144":0,"145":0,"146":0,"147":0,"148":0,"149":0,"150":0,"151":0,"152":3,"153":3,"154":3,"155":3},"f":{"0":12,"1":1,"2":12,"3":6,"4":0,"5":0,"6":2,"7":0,"8":3,"9":0,"10":0,"11":0,"12":0,"13":0,"14":0,"15":6,"16":9,"17":0,"18":3,"19":0,"20":3,"21":0,"22":3,"23":0,"24":0,"25":0,"26":0,"27":3,"28":0,"29":0,"30":0,"31":0,"32":0,"33":0,"34":3},"b":{"0":[12],"1":[12,0],"2":[12,10],"3":[12,9,3],"4":[2,10],"5":[12,9],"6":[1,1],"7":[0,12],"8":[6,6],"9":[6,0],"10":[3,3],"11":[0,0],"12":[0,0],"13":[0,0],"14":[0,0],"15":[0,0],"16":[0,0],"17":[2,0],"18":[2,2],"19":[2,0],"20":[2,2],"21":[1,1],"22":[0,0],"23":[6],"24":[3,3],"25":[0,0],"26":[0,0],"27":[0,0],"28":[0,0],"29":[0,0,0],"30":[0,0],"31":[0,0],"32":[0,0],"33":[0,0,0],"34":[0,0],"35":[0,0],"36":[0,0],"37":[0,0],"38":[0,0,0],"39":[0,0],"40":[0,0],"41":[0,0],"42":[0,0],"43":[0,0],"44":[0,0],"45":[0,0,0],"46":[0,0]},"meta":{"lastBranch":47,"lastFunction":35,"lastStatement":156,"seen":{"s:25:20:25:Infinity":0,"s:27:22:27:Infinity":1,"s:29:6:29:Infinity":2,"f:31:16:31:22":0,"b:31:59:31:97":0,"s:32:17:32:Infinity":3,"s:33:17:33:Infinity":4,"s:34:24:34:Infinity":5,"b:34:24:34:43:34:43:34:Infinity":1,"s:35:25:35:Infinity":6,"b:35:25:35:51:35:51:35:Infinity":2,"s:37:25:37:Infinity":7,"b:37:25:37:43:37:43:37:71:37:71:37:Infinity":3,"s:39:2:41:Infinity":8,"b:44:2:52:Infinity:undefined:undefined:undefined:undefined":4,"s:44:2:52:Infinity":9,"b:44:6:44:23:44:23:44:39":5,"s:45:20:45:Infinity":10,"b:46:4:51:Infinity:49:11:51:Infinity":6,"s:46:4:51:Infinity":11,"s:47:6:47:Infinity":12,"f:47:10:47:23":1,"s:47:23:47:30":13,"s:48:6:48:Infinity":14,"s:50:6:50:Infinity":15,"s:55:2:57:Infinity":16,"f:55:37:55:43":2,"b:56:4:56:Infinity:undefined:undefined:undefined:undefined":7,"s:56:4:56:Infinity":17,"s:56:12:56:Infinity":18,"b:61:2:71:Infinity:undefined:undefined:undefined:undefined":8,"s:61:2:71:Infinity":19,"s:62:41:62:Infinity":20,"b:62:41:62:60:62:60:62:Infinity":9,"s:63:4:63:Infinity":21,"s:64:4:64:Infinity":22,"s:66:4:69:Infinity":23,"s:70:4:70:Infinity":24,"s:74:21:74:Infinity":25,"s:77:2:77:Infinity":26,"f:85:9:85:29":3,"s:86:16:86:Infinity":27,"b:89:2:92:Infinity:undefined:undefined:undefined:undefined":10,"s:89:2:92:Infinity":28,"s:90:4:90:Infinity":29,"s:91:4:91:Infinity":30,"s:94:18:209:Infinity":31,"f:162:6:162:15":4,"s:163:18:163:Infinity":32,"s:164:56:164:Infinity":33,"b:165:8:181:Infinity:undefined:undefined:undefined:undefined":11,"s:165:8:181:Infinity":34,"b:165:12:165:26:165:26:165:49":12,"s:166:10:180:Infinity":35,"f:169:15:169:20":5,"s:170:30:170:Infinity":36,"s:171:34:171:Infinity":37,"s:172:16:176:Infinity":38,"b:173:74:173:97:173:97:173:Infinity":13,"b:175:22:175:Infinity:176:22:176:Infinity":14,"b:175:34:175:47:175:47:175:50":15,"b:182:8:184:Infinity:undefined:undefined:undefined:undefined":16,"s:182:8:184:Infinity":39,"s:183:10:183:Infinity":40,"s:185:8:185:Infinity":41,"f:188:10:188:18":6,"s:189:24:189:Infinity":42,"b:191:6:198:Infinity:undefined:undefined:undefined:undefined":17,"s:191:6:198:Infinity":43,"b:191:10:191:22:191:22:191:47":18,"s:192:25:192:Infinity":44,"b:193:8:197:Infinity:undefined:undefined:undefined:undefined":19,"s:193:8:197:Infinity":45,"s:194:10:196:Infinity":46,"s:199:26:199:Infinity":47,"b:199:26:199:39:199:39:199:Infinity":20,"s:200:21:200:Infinity":48,"b:201:6:205:Infinity:undefined:undefined:undefined:undefined":21,"s:201:6:205:Infinity":49,"s:202:8:204:Infinity":50,"f:202:28:202:Infinity":7,"s:203:11:203:Infinity":51,"b:203:18:203:59:203:59:203:65":22,"s:206:6:206:Infinity":52,"s:207:6:207:Infinity":53,"s:211:2:211:Infinity":54,"f:211:6:211:19":8,"s:211:19:211:26":55,"f:219:9:219:18":9,"s:220:2:225:Infinity":56,"f:220:13:220:22":10,"s:221:29:221:Infinity":57,"s:222:4:222:Infinity":58,"f:222:11:222:20":11,"s:222:38:222:56":59,"s:223:4:223:Infinity":60,"f:223:11:223:24":12,"s:223:24:223:71":61,"s:224:4:224:Infinity":62,"f:224:11:224:21":13,"s:224:29:224:40":63,"f:229:9:229:Infinity":14,"s:234:2:234:Infinity":64,"s:235:2:235:Infinity":65,"f:239:9:239:Infinity":15,"b:243:212:243:Infinity":23,"s:245:20:245:Infinity":66,"b:248:2:251:Infinity:undefined:undefined:undefined:undefined":24,"s:248:2:251:Infinity":67,"s:249:4:249:Infinity":68,"s:250:4:250:Infinity":69,"s:254:25:257:Infinity":70,"s:258:8:259:Infinity":71,"f:258:8:258:16":16,"s:259:4:259:Infinity":72,"s:262:24:275:Infinity":73,"f:265:13:265:19":17,"s:266:18:266:Infinity":74,"b:266:26:266:37:266:37:266:42":25,"b:266:52:266:72:266:72:266:85":26,"s:267:24:267:Infinity":75,"b:267:24:267:61:267:61:267:Infinity":27,"b:268:6:271:Infinity:undefined:undefined:undefined:undefined":28,"s:268:6:271:Infinity":76,"b:268:10:268:24:268:24:268:48:268:48:268:85":29,"s:269:8:269:Infinity":77,"s:270:8:270:Infinity":78,"s:272:21:272:Infinity":79,"s:273:6:273:Infinity":80,"s:276:2:276:Infinity":81,"f:276:6:276:19":18,"s:276:19:276:32":82,"s:279:23:285:Infinity":83,"f:282:13:282:19":19,"s:283:6:283:Infinity":84,"s:286:2:286:Infinity":85,"f:286:6:286:19":20,"s:286:19:286:31":86,"s:289:28:313:Infinity":87,"f:292:18:292:25":21,"b:293:6:296:Infinity:undefined:undefined:undefined:undefined":30,"s:293:6:296:Infinity":88,"s:294:8:294:Infinity":89,"s:295:8:295:Infinity":90,"s:297:6:311:Infinity":91,"s:298:21:298:Infinity":92,"s:299:23:299:Infinity":93,"s:300:26:300:Infinity":94,"b:300:65:300:84:300:84:300:Infinity":31,"b:301:8:304:Infinity:undefined:undefined:undefined:undefined":32,"s:301:8:304:Infinity":95,"b:301:12:301:26:301:26:301:50:301:50:301:87":33,"s:302:10:302:Infinity":96,"s:303:10:303:Infinity":97,"s:305:8:305:Infinity":98,"s:306:8:306:Infinity":99,"s:307:8:307:Infinity":100,"s:309:8:309:Infinity":101,"s:310:8:310:Infinity":102,"s:314:2:314:Infinity":103,"f:314:6:314:19":22,"s:314:19:314:36":104,"s:316:2:316:Infinity":105,"s:320:24:360:Infinity":106,"f:323:4:323:12":23,"s:324:18:324:Infinity":107,"b:324:26:324:37:324:37:324:42":34,"b:324:52:324:72:324:72:324:85":35,"s:325:28:325:Infinity":108,"b:325:47:325:84:325:84:325:86":36,"b:326:6:330:Infinity:undefined:undefined:undefined:undefined":37,"s:326:6:330:Infinity":109,"b:326:10:326:28:326:28:326:56:326:56:326:94":38,"s:327:8:327:Infinity":110,"s:328:8:328:Infinity":111,"s:329:8:329:Infinity":112,"s:333:6:338:Infinity":113,"s:339:6:339:Infinity":114,"s:341:12:343:Infinity":115,"f:341:12:341:20":24,"s:342:8:342:Infinity":116,"s:346:6:346:Infinity":117,"s:349:26:353:Infinity":118,"f:349:36:349:55":25,"b:350:8:352:Infinity:undefined:undefined:undefined:undefined":39,"s:350:8:352:Infinity":119,"s:351:10:351:Infinity":120,"s:356:6:358:Infinity":121,"f:356:13:356:28":26,"s:357:8:357:Infinity":122,"s:361:2:361:Infinity":123,"f:361:6:361:19":27,"s:361:19:361:32":124,"s:365:23:410:Infinity":125,"f:368:10:368:18":28,"b:369:6:372:Infinity:undefined:undefined:undefined:undefined":40,"s:369:6:372:Infinity":126,"s:370:8:370:Infinity":127,"s:371:8:371:Infinity":128,"s:373:6:408:Infinity":129,"s:374:21:374:Infinity":130,"s:375:23:375:Infinity":131,"s:376:27:376:Infinity":132,"b:376:62:376:82:376:82:376:Infinity":41,"b:377:8:380:Infinity:undefined:undefined:undefined:undefined":42,"s:377:8:380:Infinity":133,"b:377:12:377:39:377:39:377:63":43,"s:378:10:378:Infinity":134,"s:379:10:379:Infinity":135,"s:382:28:382:Infinity":136,"b:382:64:382:80:382:80:382:Infinity":44,"s:383:30:383:Infinity":137,"s:384:30:387:Infinity":138,"f:386:11:386:16":29,"s:386:22:386:30":139,"f:387:11:387:19":30,"s:387:25:387:45":140,"s:388:27:388:Infinity":141,"s:390:25:392:Infinity":142,"f:390:36:390:Infinity":31,"s:391:32:391:Infinity":143,"b:391:32:391:58:391:58:391:76:391:76:391:Infinity":45,"s:393:24:403:Infinity":144,"f:393:33:393:38":32,"s:394:25:394:Infinity":145,"s:395:23:401:Infinity":146,"s:402:10:402:Infinity":147,"b:402:30:402:37:402:37:402:Infinity":46,"f:402:77:402:85":33,"s:402:93:402:118":148,"s:404:8:404:Infinity":149,"s:406:8:406:Infinity":150,"s:407:8:407:Infinity":151,"s:411:2:411:Infinity":152,"f:411:6:411:19":34,"s:411:19:411:31":153,"s:413:2:413:Infinity":154,"s:416:2:416:Infinity":155},"fnNames":{}}}
,"E:\\Deepseek\\DSH-Context-Pro\\src\\invariant.ts": {"path":"E:\\Deepseek\\DSH-Context-Pro\\src\\invariant.ts","statementMap":{"0":{"start":{"line":8,"column":21},"end":{"line":8,"column":null}},"1":{"start":{"line":11,"column":20},"end":{"line":11,"column":null}},"2":{"start":{"line":13,"column":22},"end":{"line":13,"column":null}},"3":{"start":{"line":31,"column":6},"end":{"line":72,"column":null}},"4":{"start":{"line":33,"column":2},"end":{"line":53,"column":null}},"5":{"start":{"line":34,"column":4},"end":{"line":34,"column":null}},"6":{"start":{"line":34,"column":77},"end":{"line":34,"column":null}},"7":{"start":{"line":35,"column":27},"end":{"line":35,"column":null}},"8":{"start":{"line":36,"column":4},"end":{"line":36,"column":null}},"9":{"start":{"line":36,"column":57},"end":{"line":36,"column":null}},"10":{"start":{"line":39,"column":19},"end":{"line":39,"column":null}},"11":{"start":{"line":42,"column":4},"end":{"line":42,"column":null}},"12":{"start":{"line":42,"column":17},"end":{"line":42,"column":null}},"13":{"start":{"line":44,"column":18},"end":{"line":44,"column":null}},"14":{"start":{"line":45,"column":4},"end":{"line":45,"column":null}},"15":{"start":{"line":45,"column":16},"end":{"line":45,"column":null}},"16":{"start":{"line":47,"column":27},"end":{"line":47,"column":null}},"17":{"start":{"line":48,"column":4},"end":{"line":52,"column":null}},"18":{"start":{"line":49,"column":6},"end":{"line":51,"column":null}},"19":{"start":{"line":56,"column":2},"end":{"line":67,"column":null}},"20":{"start":{"line":57,"column":22},"end":{"line":57,"column":null}},"21":{"start":{"line":58,"column":4},"end":{"line":58,"column":null}},"22":{"start":{"line":58,"column":47},"end":{"line":58,"column":null}},"23":{"start":{"line":61,"column":23},"end":{"line":61,"column":null}},"24":{"start":{"line":62,"column":4},"end":{"line":66,"column":null}},"25":{"start":{"line":63,"column":6},"end":{"line":65,"column":null}},"26":{"start":{"line":81,"column":13},"end":{"line":82,"column":null}},"27":{"start":{"line":82,"column":2},"end":{"line":82,"column":null}}},"fnMap":{"0":{"name":"(anonymous_0)","decl":{"start":{"line":31,"column":6},"end":{"line":31,"column":37}},"loc":{"start":{"line":31,"column":51},"end":{"line":72,"column":null}},"line":31},"1":{"name":"(anonymous_1)","decl":{"start":{"line":33,"column":9},"end":{"line":33,"column":27}},"loc":{"start":{"line":33,"column":74},"end":{"line":53,"column":3}},"line":33},"2":{"name":"(anonymous_2)","decl":{"start":{"line":56,"column":9},"end":{"line":56,"column":30}},"loc":{"start":{"line":56,"column":51},"end":{"line":67,"column":3}},"line":56},"3":{"name":"(anonymous_3)","decl":{"start":{"line":81,"column":13},"end":{"line":81,"column":22}},"loc":{"start":{"line":82,"column":2},"end":{"line":82,"column":null}},"line":82},"4":{"name":"(anonymous_4)","decl":{"start":{"line":82,"column":64},"end":{"line":82,"column":76}},"loc":{"start":{"line":82,"column":76},"end":{"line":82,"column":79}},"line":82}},"branchMap":{"0":{"loc":{"start":{"line":34,"column":4},"end":{"line":34,"column":null}},"type":"if","locations":[{"start":{"line":34,"column":4},"end":{"line":34,"column":null}},{"start":{},"end":{}}],"line":34},"1":{"loc":{"start":{"line":34,"column":8},"end":{"line":34,"column":77}},"type":"binary-expr","locations":[{"start":{"line":34,"column":8},"end":{"line":34,"column":46}},{"start":{"line":34,"column":46},"end":{"line":34,"column":77}}],"line":34},"2":{"loc":{"start":{"line":35,"column":35},"end":{"line":35,"column":73}},"type":"binary-expr","locations":[{"start":{"line":35,"column":35},"end":{"line":35,"column":71}},{"start":{"line":35,"column":71},"end":{"line":35,"column":73}}],"line":35},"3":{"loc":{"start":{"line":36,"column":4},"end":{"line":36,"column":null}},"type":"if","locations":[{"start":{"line":36,"column":4},"end":{"line":36,"column":null}},{"start":{},"end":{}}],"line":36},"4":{"loc":{"start":{"line":36,"column":8},"end":{"line":36,"column":57}},"type":"binary-expr","locations":[{"start":{"line":36,"column":8},"end":{"line":36,"column":27}},{"start":{"line":36,"column":27},"end":{"line":36,"column":57}}],"line":36},"5":{"loc":{"start":{"line":42,"column":4},"end":{"line":42,"column":null}},"type":"if","locations":[{"start":{"line":42,"column":4},"end":{"line":42,"column":null}},{"start":{},"end":{}}],"line":42},"6":{"loc":{"start":{"line":45,"column":4},"end":{"line":45,"column":null}},"type":"if","locations":[{"start":{"line":45,"column":4},"end":{"line":45,"column":null}},{"start":{},"end":{}}],"line":45},"7":{"loc":{"start":{"line":47,"column":34},"end":{"line":47,"column":69}},"type":"binary-expr","locations":[{"start":{"line":47,"column":34},"end":{"line":47,"column":55}},{"start":{"line":47,"column":55},"end":{"line":47,"column":67}},{"start":{"line":47,"column":67},"end":{"line":47,"column":69}}],"line":47},"8":{"loc":{"start":{"line":48,"column":4},"end":{"line":52,"column":null}},"type":"if","locations":[{"start":{"line":48,"column":4},"end":{"line":52,"column":null}},{"start":{},"end":{}}],"line":48},"9":{"loc":{"start":{"line":48,"column":8},"end":{"line":48,"column":61}},"type":"binary-expr","locations":[{"start":{"line":48,"column":8},"end":{"line":48,"column":26}},{"start":{"line":48,"column":26},"end":{"line":48,"column":61}}],"line":48},"10":{"loc":{"start":{"line":57,"column":30},"end":{"line":57,"column":67}},"type":"binary-expr","locations":[{"start":{"line":57,"column":30},"end":{"line":57,"column":65}},{"start":{"line":57,"column":65},"end":{"line":57,"column":67}}],"line":57},"11":{"loc":{"start":{"line":58,"column":4},"end":{"line":58,"column":null}},"type":"if","locations":[{"start":{"line":58,"column":4},"end":{"line":58,"column":null}},{"start":{},"end":{}}],"line":58},"12":{"loc":{"start":{"line":58,"column":8},"end":{"line":58,"column":47}},"type":"binary-expr","locations":[{"start":{"line":58,"column":8},"end":{"line":58,"column":22}},{"start":{"line":58,"column":22},"end":{"line":58,"column":47}}],"line":58},"13":{"loc":{"start":{"line":62,"column":4},"end":{"line":66,"column":null}},"type":"if","locations":[{"start":{"line":62,"column":4},"end":{"line":66,"column":null}},{"start":{},"end":{}}],"line":62},"14":{"loc":{"start":{"line":82,"column":18},"end":{"line":82,"column":79}},"type":"binary-expr","locations":[{"start":{"line":82,"column":18},"end":{"line":82,"column":76}},{"start":{"line":82,"column":64},"end":{"line":82,"column":79}}],"line":82}},"s":{"0":2,"1":2,"2":2,"3":2,"4":7,"5":7,"6":1,"7":6,"8":7,"9":2,"10":4,"11":4,"12":1,"13":3,"14":3,"15":1,"16":2,"17":7,"18":1,"19":7,"20":5,"21":5,"22":3,"23":2,"24":2,"25":1,"26":2,"27":9},"f":{"0":7,"1":7,"2":5,"3":9,"4":1},"b":{"0":[1,6],"1":[7,2],"2":[6,1],"3":[2,5],"4":[7,5],"5":[1,3],"6":[1,2],"7":[2,0,0],"8":[1,6],"9":[7,2],"10":[5,1],"11":[3,2],"12":[5,3],"13":[1,1],"14":[9,1]},"meta":{"lastBranch":15,"lastFunction":5,"lastStatement":28,"seen":{"s:8:21:8:Infinity":0,"s:11:20:11:Infinity":1,"s:13:22:13:Infinity":2,"s:31:6:72:Infinity":3,"f:31:6:31:37":0,"s:33:2:53:Infinity":4,"f:33:9:33:27":1,"b:34:4:34:Infinity:undefined:undefined:undefined:undefined":0,"s:34:4:34:Infinity":5,"b:34:8:34:46:34:46:34:77":1,"s:34:77:34:Infinity":6,"s:35:27:35:Infinity":7,"b:35:35:35:71:35:71:35:73":2,"b:36:4:36:Infinity:undefined:undefined:undefined:undefined":3,"s:36:4:36:Infinity":8,"b:36:8:36:27:36:27:36:57":4,"s:36:57:36:Infinity":9,"s:39:19:39:Infinity":10,"b:42:4:42:Infinity:undefined:undefined:undefined:undefined":5,"s:42:4:42:Infinity":11,"s:42:17:42:Infinity":12,"s:44:18:44:Infinity":13,"b:45:4:45:Infinity:undefined:undefined:undefined:undefined":6,"s:45:4:45:Infinity":14,"s:45:16:45:Infinity":15,"s:47:27:47:Infinity":16,"b:47:34:47:55:47:55:47:67:47:67:47:69":7,"b:48:4:52:Infinity:undefined:undefined:undefined:undefined":8,"s:48:4:52:Infinity":17,"b:48:8:48:26:48:26:48:61":9,"s:49:6:51:Infinity":18,"s:56:2:67:Infinity":19,"f:56:9:56:30":2,"s:57:22:57:Infinity":20,"b:57:30:57:65:57:65:57:67":10,"b:58:4:58:Infinity:undefined:undefined:undefined:undefined":11,"s:58:4:58:Infinity":21,"b:58:8:58:22:58:22:58:47":12,"s:58:47:58:Infinity":22,"s:61:23:61:Infinity":23,"b:62:4:66:Infinity:undefined:undefined:undefined:undefined":13,"s:62:4:66:Infinity":24,"s:63:6:65:Infinity":25,"s:81:13:82:Infinity":26,"f:81:13:81:22":3,"s:82:2:82:Infinity":27,"b:82:18:82:76:82:64:82:79":14,"f:82:64:82:76":4},"fnNames":{}}}
,"E:\\Deepseek\\DSH-Context-Pro\\src\\metrics.ts": {"path":"E:\\Deepseek\\DSH-Context-Pro\\src\\metrics.ts","statementMap":{"0":{"start":{"line":23,"column":28},"end":{"line":23,"column":null}},"1":{"start":{"line":25,"column":37},"end":{"line":30,"column":null}},"2":{"start":{"line":34,"column":2},"end":{"line":34,"column":null}},"3":{"start":{"line":35,"column":2},"end":{"line":46,"column":null}},"4":{"start":{"line":36,"column":4},"end":{"line":36,"column":null}},"5":{"start":{"line":38,"column":14},"end":{"line":38,"column":null}},"6":{"start":{"line":39,"column":4},"end":{"line":39,"column":null}},"7":{"start":{"line":40,"column":4},"end":{"line":45,"column":null}},"8":{"start":{"line":41,"column":6},"end":{"line":41,"column":null}},"9":{"start":{"line":42,"column":6},"end":{"line":44,"column":null}},"10":{"start":{"line":43,"column":8},"end":{"line":43,"column":null}},"11":{"start":{"line":51,"column":2},"end":{"line":51,"column":null}},"12":{"start":{"line":66,"column":47},"end":{"line":66,"column":null}},"13":{"start":{"line":67,"column":25},"end":{"line":67,"column":null}},"14":{"start":{"line":71,"column":2},"end":{"line":71,"column":null}},"15":{"start":{"line":72,"column":2},"end":{"line":74,"column":null}},"16":{"start":{"line":73,"column":4},"end":{"line":73,"column":null}},"17":{"start":{"line":79,"column":2},"end":{"line":79,"column":null}},"18":{"start":{"line":84,"column":2},"end":{"line":84,"column":null}},"19":{"start":{"line":84,"column":39},"end":{"line":84,"column":null}},"20":{"start":{"line":85,"column":14},"end":{"line":88,"column":null}},"21":{"start":{"line":85,"column":53},"end":{"line":88,"column":6}},"22":{"start":{"line":89,"column":2},"end":{"line":93,"column":null}},"23":{"start":{"line":108,"column":35},"end":{"line":113,"column":null}},"24":{"start":{"line":117,"column":2},"end":{"line":117,"column":null}},"25":{"start":{"line":118,"column":2},"end":{"line":118,"column":null}},"26":{"start":{"line":118,"column":24},"end":{"line":118,"column":null}},"27":{"start":{"line":123,"column":2},"end":{"line":123,"column":null}},"28":{"start":{"line":124,"column":2},"end":{"line":124,"column":null}},"29":{"start":{"line":129,"column":2},"end":{"line":129,"column":null}},"30":{"start":{"line":145,"column":2},"end":{"line":150,"column":null}}},"fnMap":{"0":{"name":"recordSnapshotAttempt","decl":{"start":{"line":33,"column":16},"end":{"line":33,"column":38}},"loc":{"start":{"line":33,"column":94},"end":{"line":47,"column":null}},"line":33},"1":{"name":"getSnapshotStats","decl":{"start":{"line":50,"column":16},"end":{"line":50,"column":50}},"loc":{"start":{"line":50,"column":50},"end":{"line":52,"column":null}},"line":50},"2":{"name":"recordChainHealth","decl":{"start":{"line":70,"column":16},"end":{"line":70,"column":34}},"loc":{"start":{"line":70,"column":85},"end":{"line":75,"column":null}},"line":70},"3":{"name":"getChainHealthHistory","decl":{"start":{"line":78,"column":16},"end":{"line":78,"column":38}},"loc":{"start":{"line":78,"column":70},"end":{"line":80,"column":null}},"line":78},"4":{"name":"getChainHealthSummary","decl":{"start":{"line":83,"column":16},"end":{"line":83,"column":109}},"loc":{"start":{"line":83,"column":109},"end":{"line":94,"column":null}},"line":83},"5":{"name":"(anonymous_5)","decl":{"start":{"line":85,"column":33},"end":{"line":85,"column":41}},"loc":{"start":{"line":85,"column":53},"end":{"line":88,"column":6}},"line":85},"6":{"name":"recordInsightToolCall","decl":{"start":{"line":116,"column":16},"end":{"line":116,"column":38}},"loc":{"start":{"line":116,"column":71},"end":{"line":119,"column":null}},"line":116},"7":{"name":"recordTopicNoteTriggered","decl":{"start":{"line":122,"column":16},"end":{"line":122,"column":49}},"loc":{"start":{"line":122,"column":49},"end":{"line":125,"column":null}},"line":122},"8":{"name":"getInsightStats","decl":{"start":{"line":128,"column":16},"end":{"line":128,"column":48}},"loc":{"start":{"line":128,"column":48},"end":{"line":130,"column":null}},"line":128},"9":{"name":"getAllMetrics","decl":{"start":{"line":144,"column":16},"end":{"line":144,"column":44}},"loc":{"start":{"line":144,"column":44},"end":{"line":151,"column":null}},"line":144}},"branchMap":{"0":{"loc":{"start":{"line":35,"column":2},"end":{"line":46,"column":null}},"type":"if","locations":[{"start":{"line":35,"column":2},"end":{"line":46,"column":null}},{"start":{"line":37,"column":9},"end":{"line":46,"column":null}}],"line":35},"1":{"loc":{"start":{"line":38,"column":14},"end":{"line":38,"column":null}},"type":"binary-expr","locations":[{"start":{"line":38,"column":14},"end":{"line":38,"column":24}},{"start":{"line":38,"column":24},"end":{"line":38,"column":null}}],"line":38},"2":{"loc":{"start":{"line":39,"column":39},"end":{"line":39,"column":79}},"type":"binary-expr","locations":[{"start":{"line":39,"column":39},"end":{"line":39,"column":74}},{"start":{"line":39,"column":74},"end":{"line":39,"column":79}}],"line":39},"3":{"loc":{"start":{"line":40,"column":4},"end":{"line":45,"column":null}},"type":"if","locations":[{"start":{"line":40,"column":4},"end":{"line":45,"column":null}},{"start":{},"end":{}}],"line":40},"4":{"loc":{"start":{"line":42,"column":6},"end":{"line":44,"column":null}},"type":"if","locations":[{"start":{"line":42,"column":6},"end":{"line":44,"column":null}},{"start":{},"end":{}}],"line":42},"5":{"loc":{"start":{"line":72,"column":2},"end":{"line":74,"column":null}},"type":"if","locations":[{"start":{"line":72,"column":2},"end":{"line":74,"column":null}},{"start":{},"end":{}}],"line":72},"6":{"loc":{"start":{"line":78,"column":38},"end":{"line":78,"column":70}},"type":"default-arg","locations":[{"start":{"line":78,"column":46},"end":{"line":78,"column":70}}],"line":78},"7":{"loc":{"start":{"line":84,"column":2},"end":{"line":84,"column":null}},"type":"if","locations":[{"start":{"line":84,"column":2},"end":{"line":84,"column":null}},{"start":{},"end":{}}],"line":84},"8":{"loc":{"start":{"line":118,"column":2},"end":{"line":118,"column":null}},"type":"if","locations":[{"start":{"line":118,"column":2},"end":{"line":118,"column":null}},{"start":{},"end":{}}],"line":118}},"s":{"0":5,"1":5,"2":80,"3":80,"4":42,"5":38,"6":38,"7":38,"8":37,"9":37,"10":7,"11":9,"12":5,"13":5,"14":208,"15":208,"16":5,"17":3,"18":2,"19":0,"20":2,"21":400,"22":2,"23":5,"24":4,"25":4,"26":1,"27":2,"28":2,"29":4,"30":1},"f":{"0":80,"1":9,"2":208,"3":3,"4":2,"5":400,"6":4,"7":2,"8":4,"9":1},"b":{"0":[42,38],"1":[38,1],"2":[38,8],"3":[37,1],"4":[7,30],"5":[5,203],"6":[3],"7":[0,2],"8":[1,3]},"meta":{"lastBranch":9,"lastFunction":10,"lastStatement":31,"seen":{"s:23:28:23:Infinity":0,"s:25:37:30:Infinity":1,"f:33:16:33:38":0,"s:34:2:34:Infinity":2,"b:35:2:46:Infinity:37:9:46:Infinity":0,"s:35:2:46:Infinity":3,"s:36:4:36:Infinity":4,"s:38:14:38:Infinity":5,"b:38:14:38:24:38:24:38:Infinity":1,"s:39:4:39:Infinity":6,"b:39:39:39:74:39:74:39:79":2,"b:40:4:45:Infinity:undefined:undefined:undefined:undefined":3,"s:40:4:45:Infinity":7,"s:41:6:41:Infinity":8,"b:42:6:44:Infinity:undefined:undefined:undefined:undefined":4,"s:42:6:44:Infinity":9,"s:43:8:43:Infinity":10,"f:50:16:50:50":1,"s:51:2:51:Infinity":11,"s:66:47:66:Infinity":12,"s:67:25:67:Infinity":13,"f:70:16:70:34":2,"s:71:2:71:Infinity":14,"b:72:2:74:Infinity:undefined:undefined:undefined:undefined":5,"s:72:2:74:Infinity":15,"s:73:4:73:Infinity":16,"f:78:16:78:38":3,"b:78:46:78:70":6,"s:79:2:79:Infinity":17,"f:83:16:83:109":4,"b:84:2:84:Infinity:undefined:undefined:undefined:undefined":7,"s:84:2:84:Infinity":18,"s:84:39:84:Infinity":19,"s:85:14:88:Infinity":20,"f:85:33:85:41":5,"s:85:53:88:6":21,"s:89:2:93:Infinity":22,"s:108:35:113:Infinity":23,"f:116:16:116:38":6,"s:117:2:117:Infinity":24,"b:118:2:118:Infinity:undefined:undefined:undefined:undefined":8,"s:118:2:118:Infinity":25,"s:118:24:118:Infinity":26,"f:122:16:122:49":7,"s:123:2:123:Infinity":27,"s:124:2:124:Infinity":28,"f:128:16:128:48":8,"s:129:2:129:Infinity":29,"f:144:16:144:44":9,"s:145:2:150:Infinity":30},"fnNames":{}}}
,"E:\\Deepseek\\DSH-Context-Pro\\src\\openapi.ts": {"path":"E:\\Deepseek\\DSH-Context-Pro\\src\\openapi.ts","statementMap":{"0":{"start":{"line":9,"column":2},"end":{"line":69,"column":null}},"1":{"start":{"line":77,"column":20},"end":{"line":77,"column":null}},"2":{"start":{"line":81,"column":2},"end":{"line":84,"column":null}},"3":{"start":{"line":82,"column":4},"end":{"line":82,"column":null}},"4":{"start":{"line":83,"column":4},"end":{"line":83,"column":null}},"5":{"start":{"line":86,"column":15},"end":{"line":86,"column":null}},"6":{"start":{"line":88,"column":18},"end":{"line":95,"column":null}},"7":{"start":{"line":92,"column":6},"end":{"line":92,"column":null}},"8":{"start":{"line":93,"column":6},"end":{"line":93,"column":null}},"9":{"start":{"line":96,"column":2},"end":{"line":96,"column":null}},"10":{"start":{"line":96,"column":19},"end":{"line":96,"column":26}},"11":{"start":{"line":98,"column":2},"end":{"line":98,"column":null}}},"fnMap":{"0":{"name":"generateOpenAPISpec","decl":{"start":{"line":8,"column":16},"end":{"line":8,"column":46}},"loc":{"start":{"line":8,"column":46},"end":{"line":70,"column":null}},"line":8},"1":{"name":"registerOpenAPIEndpoint","decl":{"start":{"line":73,"column":16},"end":{"line":73,"column":null}},"loc":{"start":{"line":76,"column":8},"end":{"line":99,"column":null}},"line":76},"2":{"name":"handler","decl":{"start":{"line":91,"column":4},"end":{"line":91,"column":12}},"loc":{"start":{"line":91,"column":23},"end":{"line":94,"column":null}},"line":91},"3":{"name":"(anonymous_3)","decl":{"start":{"line":96,"column":6},"end":{"line":96,"column":19}},"loc":{"start":{"line":96,"column":19},"end":{"line":96,"column":26}},"line":96}},"branchMap":{"0":{"loc":{"start":{"line":81,"column":2},"end":{"line":84,"column":null}},"type":"if","locations":[{"start":{"line":81,"column":2},"end":{"line":84,"column":null}},{"start":{},"end":{}}],"line":81}},"s":{"0":7,"1":6,"2":6,"3":1,"4":1,"5":5,"6":5,"7":1,"8":1,"9":5,"10":3,"11":5},"f":{"0":7,"1":6,"2":1,"3":3},"b":{"0":[1,5]},"meta":{"lastBranch":1,"lastFunction":4,"lastStatement":12,"seen":{"f:8:16:8:46":0,"s:9:2:69:Infinity":0,"f:73:16:73:Infinity":1,"s:77:20:77:Infinity":1,"b:81:2:84:Infinity:undefined:undefined:undefined:undefined":0,"s:81:2:84:Infinity":2,"s:82:4:82:Infinity":3,"s:83:4:83:Infinity":4,"s:86:15:86:Infinity":5,"s:88:18:95:Infinity":6,"f:91:4:91:12":2,"s:92:6:92:Infinity":7,"s:93:6:93:Infinity":8,"s:96:2:96:Infinity":9,"f:96:6:96:19":3,"s:96:19:96:26":10,"s:98:2:98:Infinity":11},"fnNames":{}}}
[...]
n":2},"end":{"line":298,"column":null}},"type":"if","locations":[{"start":{"line":291,"column":2},"end":{"line":298,"column":null}},{"start":{},"end":{}}],"line":291},"60":{"loc":{"start":{"line":293,"column":19},"end":{"line":294,"column":null}},"type":"binary-expr","locations":[{"start":{"line":293,"column":19},"end":{"line":293,"column":null}},{"start":{"line":294,"column":10},"end":{"line":294,"column":null}}],"line":293},"61":{"loc":{"start":{"line":294,"column":10},"end":{"line":294,"column":null}},"type":"cond-expr","locations":[{"start":{"line":294,"column":35},"end":{"line":294,"column":98}},{"start":{"line":294,"column":98},"end":{"line":294,"column":null}}],"line":294},"62":{"loc":{"start":{"line":295,"column":4},"end":{"line":297,"column":null}},"type":"if","locations":[{"start":{"line":295,"column":4},"end":{"line":297,"column":null}},{"start":{},"end":{}}],"line":295},"63":{"loc":{"start":{"line":301,"column":2},"end":{"line":301,"column":null}},"type":"if","locations":[{"start":{"line":301,"column":2},"end":{"line":301,"column":null}},{"start":{},"end":{}}],"line":301},"64":{"loc":{"start":{"line":314,"column":2},"end":{"line":347,"column":null}},"type":"if","locations":[{"start":{"line":314,"column":2},"end":{"line":347,"column":null}},{"start":{"line":320,"column":9},"end":{"line":347,"column":null}}],"line":314},"65":{"loc":{"start":{"line":332,"column":23},"end":{"line":332,"column":61}},"type":"binary-expr","locations":[{"start":{"line":332,"column":23},"end":{"line":332,"column":52}},{"start":{"line":332,"column":52},"end":{"line":332,"column":61}}],"line":332},"66":{"loc":{"start":{"line":338,"column":6},"end":{"line":338,"column":null}},"type":"if","locations":[{"start":{"line":338,"column":6},"end":{"line":338,"column":null}},{"start":{},"end":{}}],"line":338},"67":{"loc":{"start":{"line":340,"column":6},"end":{"line":342,"column":null}},"type":"if","locations":[{"start":{"line":340,"column":6},"end":{"line":342,"column":null}},{"start":{},"end":{}}],"line":340},"68":{"loc":{"start":{"line":340,"column":10},"end":{"line":340,"column":64}},"type":"binary-expr","locations":[{"start":{"line":340,"column":10},"end":{"line":340,"column":22}},{"start":{"line":340,"column":22},"end":{"line":340,"column":64}}],"line":340},"69":{"loc":{"start":{"line":345,"column":4},"end":{"line":345,"column":null}},"type":"if","locations":[{"start":{"line":345,"column":4},"end":{"line":345,"column":null}},{"start":{},"end":{}}],"line":345},"70":{"loc":{"start":{"line":351,"column":20},"end":{"line":351,"column":null}},"type":"binary-expr","locations":[{"start":{"line":351,"column":20},"end":{"line":351,"column":35}},{"start":{"line":351,"column":35},"end":{"line":351,"column":null}}],"line":351},"71":{"loc":{"start":{"line":355,"column":4},"end":{"line":370,"column":null}},"type":"if","locations":[{"start":{"line":355,"column":4},"end":{"line":370,"column":null}},{"start":{},"end":{}}],"line":355},"72":{"loc":{"start":{"line":355,"column":8},"end":{"line":355,"column":60}},"type":"binary-expr","locations":[{"start":{"line":355,"column":8},"end":{"line":355,"column":34}},{"start":{"line":355,"column":34},"end":{"line":355,"column":60}}],"line":355},"73":{"loc":{"start":{"line":356,"column":6},"end":{"line":362,"column":null}},"type":"if","locations":[{"start":{"line":356,"column":6},"end":{"line":362,"column":null}},{"start":{},"end":{}}],"line":356},"74":{"loc":{"start":{"line":358,"column":10},"end":{"line":358,"column":null}},"type":"cond-expr","locations":[{"start":{"line":358,"column":37},"end":{"line":358,"column":47}},{"start":{"line":358,"column":47},"end":{"line":358,"column":null}}],"line":358},"75":{"loc":{"start":{"line":358,"column":10},"end":{"line":358,"column":37}},"type":"binary-expr","locations":[{"start":{"line":358,"column":10},"end":{"line":358,"column":27}},{"start":{"line":358,"column":27},"end":{"line":358,"column":37}}],"line":358},"76":{"loc":{"start":{"line":359,"column":10},"end":{"line":359,"column":null}},"type":"cond-expr","locations":[{"start":{"line":359,"column":37},"end":{"line":359,"column":46}},{"start":{"line":359,"column":46},"end":{"line":359,"column":null}}],"line":359},"77":{"loc":{"start":{"line":359,"column":10},"end":{"line":359,"column":37}},"type":"binary-expr","locations":[{"start":{"line":359,"column":10},"end":{"line":359,"column":27}},{"start":{"line":359,"column":27},"end":{"line":359,"column":37}}],"line":359},"78":{"loc":{"start":{"line":363,"column":6},"end":{"line":367,"column":null}},"type":"if","locations":[{"start":{"line":363,"column":6},"end":{"line":367,"column":null}},{"start":{},"end":{}}],"line":363},"79":{"loc":{"start":{"line":374,"column":6},"end":{"line":374,"column":null}},"type":"cond-expr","locations":[{"start":{"line":374,"column":33},"end":{"line":374,"column":43}},{"start":{"line":374,"column":43},"end":{"line":374,"column":null}}],"line":374},"80":{"loc":{"start":{"line":374,"column":6},"end":{"line":374,"column":33}},"type":"binary-expr","locations":[{"start":{"line":374,"column":6},"end":{"line":374,"column":23}},{"start":{"line":374,"column":23},"end":{"line":374,"column":33}}],"line":374},"81":{"loc":{"start":{"line":375,"column":6},"end":{"line":375,"column":null}},"type":"cond-expr","locations":[{"start":{"line":375,"column":33},"end":{"line":375,"column":42}},{"start":{"line":375,"column":42},"end":{"line":375,"column":null}}],"line":375},"82":{"loc":{"start":{"line":375,"column":6},"end":{"line":375,"column":33}},"type":"binary-expr","locations":[{"start":{"line":375,"column":6},"end":{"line":375,"column":23}},{"start":{"line":375,"column":23},"end":{"line":375,"column":33}}],"line":375},"83":{"loc":{"start":{"line":409,"column":2},"end":{"line":409,"column":null}},"type":"if","locations":[{"start":{"line":409,"column":2},"end":{"line":409,"column":null}},{"start":{},"end":{}}],"line":409},"84":{"loc":{"start":{"line":410,"column":2},"end":{"line":410,"column":null}},"type":"if","locations":[{"start":{"line":410,"column":2},"end":{"line":410,"column":null}},{"start":{},"end":{}}],"line":410},"85":{"loc":{"start":{"line":411,"column":2},"end":{"line":411,"column":null}},"type":"if","locations":[{"start":{"line":411,"column":2},"end":{"line":411,"column":null}},{"start":{},"end":{}}],"line":411},"86":{"loc":{"start":{"line":413,"column":2},"end":{"line":413,"column":null}},"type":"if","locations":[{"start":{"line":413,"column":2},"end":{"line":413,"column":null}},{"start":{},"end":{}}],"line":413}},"s":{"0":6,"1":6,"2":0,"3":6,"4":6,"5":6,"6":6,"7":6,"8":6,"9":6,"10":6,"11":1,"12":4,"13":32,"14":32,"15":26,"16":6,"17":6,"18":1,"19":5,"20":53,"21":53,"22":53,"23":53,"24":53,"25":53,"26":53,"27":53,"28":53,"29":9,"30":9,"31":44,"32":44,"33":6,"34":6,"35":1,"36":1,"37":5,"38":5,"39":0,"40":0,"41":43,"42":0,"43":0,"44":43,"45":43,"46":1,"47":42,"48":2,"49":2,"50":40,"51":40,"52":1,"53":39,"54":39,"55":39,"56":39,"57":33,"58":34,"59":34,"60":2,"61":32,"62":32,"63":30,"64":39,"65":39,"66":3,"67":3,"68":3,"69":2,"70":39,"71":39,"72":32,"73":27,"74":27,"75":1,"76":26,"77":26,"78":5,"79":0,"80":5,"81":5,"82":5,"83":3,"84":5,"85":1,"86":5,"87":1,"88":5,"89":2,"90":3,"91":2,"92":2,"93":5,"94":2,"95":2,"96":2,"97":5,"98":1,"99":4,"100":40,"101":40,"102":0,"103":40,"104":40,"105":40,"106":40,"107":2,"108":0,"109":2,"110":4,"111":3,"112":3,"113":3,"114":6,"115":6,"116":3,"117":3,"118":1,"119":3,"120":3,"121":18,"122":18,"123":3,"124":0,"125":3,"126":3,"127":2,"128":18,"129":6,"130":6,"131":6,"132":6,"133":6,"134":0,"135":0,"136":0,"137":6,"138":25,"139":25,"140":2,"141":2,"142":2,"143":2,"144":25,"145":25,"146":1,"147":24,"148":24,"149":5,"150":24,"151":24,"152":18,"153":18,"154":18,"155":18,"156":6,"157":6,"158":6,"159":6,"160":6,"161":6,"162":6,"163":6,"164":7,"165":6,"166":1,"167":1,"168":1,"169":6,"170":7,"171":6,"172":2,"173":4,"174":22,"175":22,"176":26,"177":26,"178":26,"179":1,"180":1,"181":1,"182":1,"183":1,"184":1,"185":25,"186":26,"187":22,"188":27,"189":27,"190":27,"191":27,"192":2,"193":27,"194":1,"195":27,"196":0,"197":27,"198":26},"f":{"0":6,"1":32,"2":53,"3":32,"4":3,"5":40,"6":2,"7":3,"8":18,"9":6,"10":25,"11":5,"12":6,"13":6,"14":6,"15":7,"16":27},"b":{"0":[0,6],"1":[26,6],"2":[1,5],"3":[6,6],"4":[53,0],"5":[9,44],"6":[53,45],"7":[1,5],"8":[0,43],"9":[43,43,43],"10":[1,42],"11":[2,40],"12":[1,39],"13":[33,6],"14":[39,33,33],"15":[2,32],"16":[34,33],"17":[30,2],"18":[3,36],"19":[39,3,3],"20":[2,1],"21":[2,1],"22":[1,1],"23":[2,2,2],"24":[27,5],"25":[1,26],"26":[1,25],"27":[0,5],"28":[5,5,5],"29":[3,2],"30":[5,3],"31":[1,4],"32":[5,1],"33":[1,4],"34":[5,1],"35":[2,3],"36":[3,3],"37":[2,0],"38":[2,3],"39":[2,0],"40":[1,4],"41":[5,2,1],"42":[0,40],"43":[36,4],"44":[40,4],"45":[40,4],"46":[3,1],"47":[0,2],"48":[2,2],"49":[1,1],"50":[3,3],"51":[1,2],"52":[3,1],"53":[0,3],"54":[2,1],"55":[3,3],"56":[6,0],"57":[0,0],"58":[0,0],"59":[2,23],"60":[2,1],"61":[1,0],"62":[2,0],"63":[1,24],"64":[18,6],"65":[6,6],"66":[6,1],"67":[1,0],"68":[1,1],"69":[2,4],"70":[26,1],"71":[1,25],"72":[26,25],"73":[1,0],"74":[1,0],"75":[1,1],"76":[1,0],"77":[1,1],"78":[1,0],"79":[17,8],"80":[25,21],"81":[17,8],"82":[26,21],"83":[2,25],"84":[1,26],"85":[0,27],"86":[26,1]},"meta":{"lastBranch":87,"lastFunction":17,"lastStatement":199,"seen":{"f:44:9:44:20":0,"s:45:10:45:Infinity":0,"b:46:2:46:Infinity:undefined:undefined:undefined:undefined":0,"s:46:2:46:Infinity":1,"s:46:26:46:Infinity":2,"s:49:2:49:Infinity":3,"s:51:2:51:Infinity":4,"s:53:2:53:Infinity":5,"s:55:2:55:Infinity":6,"s:57:2:57:Infinity":7,"s:60:2:65:Infinity":8,"s:61:4:61:Infinity":9,"s:62:4:62:Infinity":10,"s:64:4:64:Infinity":11,"s:69:22:69:Infinity":12,"f:76:16:76:29":1,"s:77:12:77:Infinity":13,"b:78:2:78:Infinity:undefined:undefined:undefined:undefined":1,"s:78:2:78:Infinity":14,"s:78:10:78:Infinity":15,"s:79:12:79:Infinity":16,"b:80:2:80:Infinity:undefined:undefined:undefined:undefined":2,"s:80:2:80:Infinity":17,"b:80:6:80:25:80:25:80:33":3,"s:80:33:80:Infinity":18,"s:81:2:81:Infinity":19,"f:95:16:95:30":2,"s:96:16:96:Infinity":20,"s:97:13:97:Infinity":21,"s:98:2:101:Infinity":22,"s:98:15:98:33":23,"s:99:14:99:Infinity":24,"b:100:4:100:Infinity:undefined:undefined:undefined:undefined":4,"s:100:4:100:Infinity":25,"s:100:13:100:23":26,"s:100:23:100:29":27,"b:102:2:105:Infinity:undefined:undefined:undefined:undefined":5,"s:102:2:105:Infinity":28,"b:102:6:102:31:102:31:102:52":6,"s:103:4:103:Infinity":29,"s:104:4:104:Infinity":30,"s:108:2:123:Infinity":31,"s:109:4:109:Infinity":32,"s:112:18:112:Infinity":33,"b:113:4:116:Infinity:undefined:undefined:undefined:undefined":7,"s:113:4:116:Infinity":34,"s:114:6:114:Infinity":35,"s:115:6:115:Infinity":36,"s:117:4:122:Infinity":37,"s:118:6:118:Infinity":38,"s:120:6:120:Infinity":39,"s:121:6:121:Infinity":40,"b:124:2:127:Infinity:undefined:undefined:undefined:undefined":8,"s:124:2:127:Infinity":41,"b:124:6:124:33:124:33:124:49:124:49:124:69":9,"s:125:4:125:Infinity":42,"s:126:4:126:Infinity":43,"s:129:20:129:Infinity":44,"b:130:2:130:Infinity:undefined:undefined:undefined:undefined":10,"s:130:2:130:Infinity":45,"s:130:36:130:Infinity":46,"b:131:2:134:Infinity:undefined:undefined:undefined:undefined":11,"s:131:2:134:Infinity":47,"s:132:4:132:Infinity":48,"s:133:4:133:Infinity":49,"s:136:16:136:Infinity":50,"b:137:2:137:Infinity:undefined:undefined:undefined:undefined":12,"s:137:2:137:Infinity":51,"s:137:14:137:Infinity":52,"s:139:21:139:Infinity":53,"s:140:20:140:Infinity":54,"s:141:63:141:Infinity":55,"b:142:2:150:Infinity:undefined:undefined:undefined:undefined":13,"s:142:2:150:Infinity":56,"b:142:6:142:38:142:38:142:59:142:59:142:85":14,"s:143:4:149:Infinity":57,"s:144:19:144:Infinity":58,"b:146:6:146:Infinity:undefined:undefined:undefined:undefined":15,"s:146:6:146:Infinity":59,"b:146:10:146:19:146:19:146:42":16,"s:146:42:146:Infinity":60,"s:147:17:147:Infinity":61,"b:148:6:148:Infinity:undefined:undefined:undefined:undefined":17,"s:148:6:148:Infinity":62,"s:148:14:148:Infinity":63,"s:153:18:153:Infinity":64,"b:155:2:166:Infinity:undefined:undefined:undefined:undefined":18,"s:155:2:166:Infinity":65,"b:155:6:155:36:155:36:155:55:155:55:155:79":19,"s:156:15:156:Infinity":66,"s:157:19:157:Infinity":67,"b:157:51:157:70:157:70:157:Infinity":20,"b:158:4:165:Infinity:undefined:undefined:undefined:undefined":21,"s:158:4:165:Infinity":68,"s:159:6:164:Infinity":69,"b:162:12:162:Infinity:163:12:163:Infinity":22,"b:161:14:161:45:161:45:161:74:161:74:161:Infinity":23,"s:168:2:168:Infinity":70,"s:169:2:169:Infinity":71,"f:173:9:173:21":3,"b:174:2:180:Infinity:undefined:undefined:undefined:undefined":24,"s:174:2:180:Infinity":72,"s:175:14:175:Infinity":73,"b:176:4:176:Infinity:undefined:undefined:undefined:undefined":25,"s:176:4:176:Infinity":74,"s:176:12:176:Infinity":75,"s:178:23:178:Infinity":76,"s:179:4:179:Infinity":77,"b:179:38:179:65:179:65:179:Infinity":26,"b:181:2:181:Infinity:undefined:undefined:undefined:undefined":27,"s:181:2:181:Infinity":78,"b:181:6:181:31:181:31:181:45:181:45:181:63":28,"s:181:63:181:Infinity":79,"s:183:12:183:Infinity":80,"s:184:33:184:Infinity":81,"b:185:2:185:Infinity:undefined:undefined:undefined:undefined":29,"s:185:2:185:Infinity":82,"b:185:6:185:37:185:37:185:53":30,"s:185:53:185:Infinity":83,"b:186:2:186:Infinity:undefined:undefined:undefined:undefined":31,"s:186:2:186:Infinity":84,"b:186:6:186:34:186:34:186:47":32,"s:186:47:186:Infinity":85,"b:187:2:187:Infinity:undefined:undefined:undefined:undefined":33,"s:187:2:187:Infinity":86,"b:187:6:187:36:187:36:187:51":34,"s:187:51:187:Infinity":87,"b:188:2:191:Infinity:undefined:undefined:undefined:undefined":35,"s:188:2:191:Infinity":88,"s:189:18:189:Infinity":89,"f:189:25:189:33":4,"s:189:52:189:92":90,"b:189:52:189:77:189:77:189:92":36,"b:190:4:190:Infinity:undefined:undefined:undefined:undefined":37,"s:190:4:190:Infinity":91,"s:190:26:190:Infinity":92,"b:192:2:195:Infinity:undefined:undefined:undefined:undefined":38,"s:192:2:195:Infinity":93,"s:193:14:193:Infinity":94,"b:194:4:194:Infinity:undefined:undefined:undefined:undefined":39,"s:194:4:194:Infinity":95,"s:194:25:194:Infinity":96,"b:197:2:197:Infinity:undefined:undefined:undefined:undefined":40,"s:197:2:197:Infinity":97,"b:197:6:197:33:197:33:197:57:197:57:197:81":41,"s:197:81:197:Infinity":98,"s:198:2:198:Infinity":99,"f:202:9:202:21":5,"s:203:12:203:Infinity":100,"b:204:2:204:Infinity:undefined:undefined:undefined:undefined":42,"s:204:2:204:Infinity":101,"s:204:20:204:Infinity":102,"s:205:43:211:Infinity":103,"s:212:15:212:Infinity":104,"b:212:33:212:50:212:50:212:Infinity":43,"s:213:14:213:Infinity":105,"b:213:14:213:26:213:26:213:Infinity":44,"s:214:2:214:Infinity":106,"b:214:9:214:18:214:18:214:Infinity":45,"b:214:67:214:85:214:85:214:Infinity":46,"f:218:9:218:29":6,"b:219:2:219:Infinity:undefined:undefined:undefined:undefined":47,"s:219:2:219:Infinity":107,"b:219:6:219:29:219:29:219:37":48,"s:219:37:219:Infinity":108,"s:220:2:220:Infinity":109,"b:220:26:220:36:220:36:220:39":49,"s:224:47:230:Infinity":110,"f:233:16:233:34":7,"s:234:16:234:Infinity":111,"s:235:2:240:Infinity":112,"s:235:15:235:33":113,"s:236:14:236:Infinity":114,"b:237:4:237:Infinity:undefined:undefined:undefined:undefined":50,"s:237:4:237:Infinity":115,"s:237:12:237:Infinity":116,"b:238:4:238:Infinity:undefined:undefined:undefined:undefined":51,"s:238:4:238:Infinity":117,"b:238:8:238:29:238:29:238:46":52,"s:238:46:238:Infinity":118,"s:239:4:239:Infinity":119,"s:241:2:241:Infinity":120,"f:245:9:245:20":8,"s:246:12:246:Infinity":121,"s:247:2:251:Infinity":122,"b:248:4:248:Infinity:undefined:undefined:undefined:undefined":53,"s:248:4:248:Infinity":123,"s:248:36:248:Infinity":124,"s:249:17:249:Infinity":125,"b:250:4:250:Infinity:undefined:undefined:undefined:undefined":54,"s:250:4:250:Infinity":126,"b:250:8:250:31:250:31:250:43":55,"s:250:43:250:Infinity":127,"s:252:2:252:Infinity":128,"f:256:9:256:19":9,"s:257:17:257:Infinity":129,"s:258:12:258:Infinity":130,"s:259:2:263:Infinity":131,"b:260:4:260:Infinity:undefined:undefined:undefined:undefined":56,"s:260:4:260:Infinity":132,"s:260:32:260:Infinity":133,"s:261:16:261:Infinity":134,"b:262:4:262:Infinity:undefined:undefined:undefined:undefined":57,"s:262:4:262:Infinity":135,"b:262:8:262:30:262:30:262:41":58,"s:262:41:262:Infinity":136,"s:264:2:264:Infinity":137,"f:283:16:283:Infinity":10,"s:288:32:288:Infinity":138,"b:291:2:298:Infinity:undefined:undefined:undefined:undefined":59,"s:291:2:298:Infinity":139,"s:292:24:292:Infinity":140,"s:293:19:294:Infinity":141,"b:293:19:293:Infinity:294:10:294:Infinity":60,"b:294:35:294:98:294:98:294:Infinity":61,"b:295:4:297:Infinity:undefined:undefined:undefined:undefined":62,"s:295:4:297:Infinity":142,"s:296:6:296:Infinity":143,"s:300:18:300:Infinity":144,"b:301:2:301:Infinity:undefined:undefined:undefined:undefined":63,"s:301:2:301:Infinity":145,"s:301:28:301:Infinity":146,"s:304:16:304:Infinity":147,"s:305:2:305:Infinity":148,"f:305:10:305:16":11,"s:305:25:305:66":149,"s:308:16:308:Infinity":150,"b:314:2:347:Infinity:320:9:347:Infinity":64,"s:314:2:347:Infinity":151,"s:316:4:316:Infinity":152,"s:317:4:317:Infinity":153,"s:318:4:318:Infinity":154,"s:319:4:319:Infinity":155,"s:326:4:326:Infinity":156,"s:327:4:327:Infinity":157,"s:328:20:328:Infinity":158,"s:330:27:335:Infinity":159,"f:332:9:332:17":12,"s:332:23:332:61":160,"b:332:23:332:52:332:52:332:61":65,"f:333:9:333:17":13,"s:333:23:333:71":161,"f:334:9:334:14":14,"s:334:20:334:40":162,"s:337:4:343:Infinity":163,"b:338:6:338:Infinity:undefined:undefined:undefined:undefined":66,"s:338:6:338:Infinity":164,"s:338:42:338:Infinity":165,"s:339:23:339:Infinity":166,"b:340:6:342:Infinity:undefined:undefined:undefined:undefined":67,"s:340:6:342:Infinity":167,"b:340:10:340:22:340:22:340:64":68,"s:341:8:341:Infinity":168,"s:344:4:344:Infinity":169,"f:344:20:344:28":15,"s:344:39:344:64":170,"b:345:4:345:Infinity:undefined:undefined:undefined:undefined":69,"s:345:4:345:Infinity":171,"s:345:28:345:Infinity":172,"s:346:4:346:Infinity":173,"s:349:16:349:Infinity":174,"s:350:2:379:Infinity":175,"s:351:20:351:Infinity":176,"b:351:20:351:35:351:35:351:Infinity":70,"s:352:23:352:Infinity":177,"b:355:4:370:Infinity:undefined:undefined:undefined:undefined":71,"s:355:4:370:Infinity":178,"b:355:8:355:34:355:34:355:60":72,"b:356:6:362:Infinity:undefined:undefined:undefined:undefined":73,"s:356:6:362:Infinity":179,"s:357:8:361:Infinity":180,"b:358:37:358:47:358:47:358:Infinity":74,"b:358:10:358:27:358:27:358:37":75,"b:359:37:359:46:359:46:359:Infinity":76,"b:359:10:359:27:359:27:359:37":77,"b:363:6:367:Infinity:undefined:undefined:undefined:undefined":78,"s:363:6:367:Infinity":181,"s:364:8:366:Infinity":182,"s:368:6:368:Infinity":183,"s:369:6:369:Infinity":184,"s:373:4:377:Infinity":185,"b:374:33:374:43:374:43:374:Infinity":79,"b:374:6:374:23:374:23:374:33":80,"b:375:33:375:42:375:42:375:Infinity":81,"b:375:6:375:23:375:23:375:33":82,"s:378:4:378:Infinity":186,"s:381:2:381:Infinity":187,"f:385:9:385:Infinity":16,"s:397:30:405:Infinity":188,"s:406:15:406:Infinity":189,"s:408:2:408:Infinity":190,"b:409:2:409:Infinity:undefined:undefined:undefined:undefined":83,"s:409:2:409:Infinity":191,"s:409:23:409:Infinity":192,"b:410:2:410:Infinity:undefined:undefined:undefined:undefined":84,"s:410:2:410:Infinity":193,"s:410:26:410:Infinity":194,"b:411:2:411:Infinity:undefined:undefined:undefined:undefined":85,"s:411:2:411:Infinity":195,"s:411:37:411:Infinity":196,"b:413:2:413:Infinity:undefined:undefined:undefined:undefined":86,"s:413:2:413:Infinity":197,"s:413:32:413:Infinity":198},"fnNames":{}}}
,"E:\\Deepseek\\DSH-Context-Pro\\src\\chains\\types.ts": {"path":"E:\\Deepseek\\DSH-Context-Pro\\src\\chains\\types.ts","statementMap":{"0":{"start":{"line":81,"column":49},"end":{"line":83,"column":null}},"1":{"start":{"line":98,"column":69},"end":{"line":104,"column":null}}},"fnMap":{},"branchMap":{},"s":{"0":7,"1":7},"f":{},"b":{},"meta":{"lastBranch":0,"lastFunction":0,"lastStatement":2,"seen":{"s:81:49:83:Infinity":0,"s:98:69:104:Infinity":1},"fnNames":{}}}
}
